2016-01-01 23:55:46 INFO  DisruptorHandler:19 - Init Disruptor with 512 slot(s)
2016-01-01 23:55:46 INFO  DisruptorHandler:38 - Disruptor started
2016-01-01 23:55:47 INFO  DisruptorHandler:19 - Init Disruptor with 512 slot(s)
2016-01-01 23:55:47 INFO  DisruptorHandler:38 - Disruptor started
2016-01-01 23:55:47 DEBUG TimerCommandWDT:28 - Processing timer: f742d29c-3ffc-4c01-84f8-edbc6a342cc1
2016-01-01 23:55:47 DEBUG TimerCommandWDT:33 - Readd f742d29c-3ffc-4c01-84f8-edbc6a342cc1 to queue and fire after 58364ms
2016-01-01 23:55:47 DEBUG TimerCommandWDT:28 - Processing timer: f841c1ac-6b31-45c9-afe2-3a93f652bbf2
2016-01-01 23:55:47 DEBUG TimerCommandWDT:33 - Readd f841c1ac-6b31-45c9-afe2-3a93f652bbf2 to queue and fire after 58364ms
2016-01-01 23:55:47 INFO  DisruptorHandler:19 - Init Disruptor with 512 slot(s)
2016-01-01 23:55:47 INFO  DisruptorHandler:38 - Disruptor started
2016-01-01 23:55:48 INFO  DisruptorHandler:19 - Init Disruptor with 512 slot(s)
2016-01-01 23:55:48 INFO  DisruptorHandler:38 - Disruptor started
2016-01-01 23:55:48 INFO  DisruptorHandler:19 - Init Disruptor with 512 slot(s)
2016-01-01 23:55:48 INFO  DisruptorHandler:38 - Disruptor started
2016-01-01 23:55:48 INFO  DisruptorHandler:19 - Init Disruptor with 512 slot(s)
2016-01-01 23:55:48 INFO  DisruptorHandler:38 - Disruptor started
2016-01-01 23:55:48 INFO  DisruptorHandler:19 - Init Disruptor with 512 slot(s)
2016-01-01 23:55:48 INFO  DisruptorHandler:38 - Disruptor started
2016-01-01 23:55:48 INFO  DisruptorHandler:19 - Init Disruptor with 512 slot(s)
2016-01-01 23:55:48 INFO  DisruptorHandler:38 - Disruptor started
2016-01-01 23:55:48 DEBUG TimerCommandWDT:28 - Processing timer: f17cc5c4-7b1b-4b7a-a670-156c898fc030
2016-01-01 23:55:48 DEBUG TimerCommandWDT:33 - Readd f17cc5c4-7b1b-4b7a-a670-156c898fc030 to queue and fire after 604798856ms
2016-01-01 23:55:48 INFO  DisruptorHandler:19 - Init Disruptor with 512 slot(s)
2016-01-01 23:55:48 INFO  DisruptorHandler:38 - Disruptor started
2016-01-01 23:55:48 DEBUG TimerCommandWDT:28 - Processing timer: fc5ba94e-6fe7-439b-b1b5-0feb5ae69aa2
2016-01-01 23:55:48 DEBUG TimerCommandWDT:33 - Readd fc5ba94e-6fe7-439b-b1b5-0feb5ae69aa2 to queue and fire after 59355ms
2016-01-01 23:55:49 INFO  DisruptorHandler:19 - Init Disruptor with 512 slot(s)
2016-01-01 23:55:49 INFO  DisruptorHandler:38 - Disruptor started
2016-01-02 00:21:11 INFO  DisruptorHandler:19 - Init Disruptor with 512 slot(s)
2016-01-02 00:21:11 INFO  DisruptorHandler:38 - Disruptor started
2016-01-02 00:21:12 INFO  DisruptorHandler:19 - Init Disruptor with 512 slot(s)
2016-01-02 00:21:12 INFO  DisruptorHandler:38 - Disruptor started
2016-01-02 00:21:12 DEBUG TimerCommandWDT:28 - Processing timer: a9a0a819-0324-4a78-a4ea-081bbf9b6da9
2016-01-02 00:21:12 DEBUG TimerCommandWDT:33 - Readd a9a0a819-0324-4a78-a4ea-081bbf9b6da9 to queue and fire after 58769ms
2016-01-02 00:21:12 DEBUG TimerCommandWDT:28 - Processing timer: 21fc4ca5-f68f-4381-bce4-7f69d7289fd8
2016-01-02 00:21:12 DEBUG TimerCommandWDT:33 - Readd 21fc4ca5-f68f-4381-bce4-7f69d7289fd8 to queue and fire after 58769ms
2016-01-02 00:21:12 INFO  DisruptorHandler:19 - Init Disruptor with 512 slot(s)
2016-01-02 00:21:12 INFO  DisruptorHandler:38 - Disruptor started
2016-01-02 00:21:12 INFO  DisruptorHandler:19 - Init Disruptor with 512 slot(s)
2016-01-02 00:21:12 INFO  DisruptorHandler:38 - Disruptor started
2016-01-02 00:21:12 INFO  DisruptorHandler:19 - Init Disruptor with 512 slot(s)
2016-01-02 00:21:12 INFO  DisruptorHandler:38 - Disruptor started
2016-01-02 00:21:12 INFO  DisruptorHandler:19 - Init Disruptor with 512 slot(s)
2016-01-02 00:21:12 INFO  DisruptorHandler:38 - Disruptor started
2016-01-02 00:21:12 DEBUG TimerCommandWDT:28 - Processing timer: 617ffd8a-1785-4fd5-9953-eb03727dc4d0
2016-01-02 00:21:12 DEBUG TimerCommandWDT:33 - Readd 617ffd8a-1785-4fd5-9953-eb03727dc4d0 to queue and fire after 604799256ms
2016-01-02 00:21:12 INFO  DisruptorHandler:19 - Init Disruptor with 512 slot(s)
2016-01-02 00:21:12 INFO  DisruptorHandler:38 - Disruptor started
2016-01-02 00:21:12 INFO  DisruptorHandler:19 - Init Disruptor with 512 slot(s)
2016-01-02 00:21:12 INFO  DisruptorHandler:38 - Disruptor started
2016-01-02 00:21:12 INFO  DisruptorHandler:19 - Init Disruptor with 512 slot(s)
2016-01-02 00:21:12 INFO  DisruptorHandler:38 - Disruptor started
2016-01-02 00:21:13 DEBUG TimerCommandWDT:28 - Processing timer: 1be09d0c-9050-4d63-858d-bb42c16572a6
2016-01-02 00:21:13 DEBUG TimerCommandWDT:33 - Readd 1be09d0c-9050-4d63-858d-bb42c16572a6 to queue and fire after 58751ms
2016-01-02 00:21:13 INFO  DisruptorHandler:19 - Init Disruptor with 512 slot(s)
2016-01-02 00:21:13 INFO  DisruptorHandler:38 - Disruptor started
2016-01-02 00:22:14 INFO  DisruptorHandler:19 - Init Disruptor with 512 slot(s)
2016-01-02 00:22:15 INFO  DisruptorHandler:38 - Disruptor started
2016-01-02 00:22:15 INFO  DisruptorHandler:19 - Init Disruptor with 512 slot(s)
2016-01-02 00:22:15 INFO  DisruptorHandler:38 - Disruptor started
2016-01-02 00:22:15 INFO  DisruptorHandler:19 - Init Disruptor with 512 slot(s)
2016-01-02 00:22:15 INFO  DisruptorHandler:38 - Disruptor started
2016-01-02 00:22:15 INFO  DisruptorHandler:19 - Init Disruptor with 512 slot(s)
2016-01-02 00:22:15 INFO  DisruptorHandler:38 - Disruptor started
2016-01-02 00:22:15 INFO  DisruptorHandler:19 - Init Disruptor with 512 slot(s)
2016-01-02 00:22:15 INFO  DisruptorHandler:38 - Disruptor started
2016-01-02 00:22:15 INFO  DisruptorHandler:19 - Init Disruptor with 512 slot(s)
2016-01-02 00:22:15 INFO  DisruptorHandler:38 - Disruptor started
2016-01-02 00:22:15 DEBUG TimerCommandWDT:28 - Processing timer: 882aa602-950a-4935-bd61-7b2598ffa0c1
2016-01-02 00:22:16 DEBUG TimerCommandWDT:33 - Readd 882aa602-950a-4935-bd61-7b2598ffa0c1 to queue and fire after 59001ms
2016-01-02 00:22:16 INFO  DisruptorHandler:19 - Init Disruptor with 512 slot(s)
2016-01-02 00:22:16 INFO  DisruptorHandler:38 - Disruptor started
2016-01-02 00:22:16 DEBUG TimerCommandWDT:28 - Processing timer: 8c0b9f94-42f7-49f7-bb9f-7cb554920c9a
2016-01-02 00:22:16 DEBUG TimerCommandWDT:33 - Readd 8c0b9f94-42f7-49f7-bb9f-7cb554920c9a to queue and fire after 58498ms
2016-01-02 00:22:16 DEBUG TimerCommandWDT:28 - Processing timer: c82473b1-09cd-42a1-9d41-efee87658788
2016-01-02 00:22:16 DEBUG TimerCommandWDT:33 - Readd c82473b1-09cd-42a1-9d41-efee87658788 to queue and fire after 58498ms
2016-01-02 00:22:16 INFO  DisruptorHandler:19 - Init Disruptor with 512 slot(s)
2016-01-02 00:22:16 INFO  DisruptorHandler:38 - Disruptor started
2016-01-02 00:23:05 INFO  DisruptorHandler:19 - Init Disruptor with 512 slot(s)
2016-01-02 00:23:05 INFO  DisruptorHandler:38 - Disruptor started
2016-01-02 00:23:06 INFO  DisruptorHandler:19 - Init Disruptor with 512 slot(s)
2016-01-02 00:23:06 INFO  DisruptorHandler:38 - Disruptor started
2016-01-02 00:23:06 DEBUG TimerCommandWDT:28 - Processing timer: 1af17137-e426-42d6-9f57-85a1a10ada69
2016-01-02 00:23:06 DEBUG TimerCommandWDT:33 - Readd 1af17137-e426-42d6-9f57-85a1a10ada69 to queue and fire after 58927ms
2016-01-02 00:23:06 INFO  DisruptorHandler:19 - Init Disruptor with 512 slot(s)
2016-01-02 00:23:06 INFO  DisruptorHandler:38 - Disruptor started
2016-01-02 00:23:06 INFO  DisruptorHandler:19 - Init Disruptor with 512 slot(s)
2016-01-02 00:23:06 INFO  DisruptorHandler:38 - Disruptor started
2016-01-02 00:23:06 DEBUG TimerCommandWDT:28 - Processing timer: 851a8fe4-89a2-438a-b141-c2d0589c73a3
2016-01-02 00:23:06 DEBUG TimerCommandWDT:33 - Readd 851a8fe4-89a2-438a-b141-c2d0589c73a3 to queue and fire after 59424ms
2016-01-02 00:23:06 DEBUG TimerCommandWDT:28 - Processing timer: c4e36f12-5763-4151-8a72-6e7a4c2da759
2016-01-02 00:23:06 DEBUG TimerCommandWDT:33 - Readd c4e36f12-5763-4151-8a72-6e7a4c2da759 to queue and fire after 59424ms
2016-01-02 00:23:06 DEBUG TimerCommandWDT:28 - Processing timer: fabdf055-25bf-4216-a544-182179ec6737
2016-01-02 00:23:06 DEBUG TimerCommandWDT:33 - Readd fabdf055-25bf-4216-a544-182179ec6737 to queue and fire after 59424ms
2016-01-02 00:23:06 INFO  DisruptorHandler:19 - Init Disruptor with 512 slot(s)
2016-01-02 00:23:06 INFO  DisruptorHandler:38 - Disruptor started
2016-01-02 00:23:06 INFO  DisruptorHandler:19 - Init Disruptor with 512 slot(s)
2016-01-02 00:23:06 INFO  DisruptorHandler:38 - Disruptor started
2016-01-02 00:23:06 INFO  DisruptorHandler:19 - Init Disruptor with 512 slot(s)
2016-01-02 00:23:06 INFO  DisruptorHandler:38 - Disruptor started
2016-01-02 00:23:06 INFO  DisruptorHandler:19 - Init Disruptor with 512 slot(s)
2016-01-02 00:23:06 INFO  DisruptorHandler:38 - Disruptor started
2016-01-02 00:23:56 INFO  DisruptorHandler:19 - Init Disruptor with 512 slot(s)
2016-01-02 00:23:56 INFO  DisruptorHandler:38 - Disruptor started
2016-01-02 00:23:57 INFO  DisruptorHandler:19 - Init Disruptor with 512 slot(s)
2016-01-02 00:23:57 INFO  DisruptorHandler:38 - Disruptor started
2016-01-02 00:23:57 DEBUG TimerCommandWDT:28 - Processing timer: ba0ee55b-c7e9-4f57-9faa-eca7e611380b
2016-01-02 00:23:57 DEBUG TimerCommandWDT:33 - Readd ba0ee55b-c7e9-4f57-9faa-eca7e611380b to queue and fire after 58065ms
2016-01-02 00:23:57 DEBUG TimerCommandWDT:28 - Processing timer: 2df7c7ad-a72f-4339-b438-46d5fcbc3ea2
2016-01-02 00:23:57 DEBUG TimerCommandWDT:33 - Readd 2df7c7ad-a72f-4339-b438-46d5fcbc3ea2 to queue and fire after 59065ms
2016-01-02 00:23:58 DEBUG TimerCommandWDT:28 - Processing timer: 7c792190-fb05-4986-856f-ec88b0948d1f
2016-01-02 00:23:58 DEBUG TimerCommandWDT:33 - Readd 7c792190-fb05-4986-856f-ec88b0948d1f to queue and fire after 58558ms
2016-01-02 00:23:58 INFO  DisruptorHandler:19 - Init Disruptor with 512 slot(s)
2016-01-02 00:23:58 INFO  DisruptorHandler:38 - Disruptor started
2016-01-02 00:23:59 INFO  DisruptorHandler:19 - Init Disruptor with 512 slot(s)
2016-01-02 00:23:59 INFO  DisruptorHandler:38 - Disruptor started
2016-01-02 00:23:59 DEBUG TimerCommandWDT:28 - Processing timer: 6b1d1f27-3d8e-47fd-80cd-1a9d0696e155
2016-01-02 00:23:59 DEBUG TimerCommandWDT:33 - Readd 6b1d1f27-3d8e-47fd-80cd-1a9d0696e155 to queue and fire after 59557ms
2016-01-02 00:23:59 DEBUG TimerCommandWDT:28 - Processing timer: eaca6009-1cf5-4329-9521-23480974c078
2016-01-02 00:23:59 DEBUG TimerCommandWDT:33 - Readd eaca6009-1cf5-4329-9521-23480974c078 to queue and fire after 604799051ms
2016-01-02 00:24:00 INFO  DisruptorHandler:19 - Init Disruptor with 512 slot(s)
2016-01-02 00:24:00 INFO  DisruptorHandler:38 - Disruptor started
2016-01-02 00:24:00 INFO  DisruptorHandler:19 - Init Disruptor with 512 slot(s)
2016-01-02 00:24:00 INFO  DisruptorHandler:38 - Disruptor started
2016-01-02 00:24:00 INFO  DisruptorHandler:19 - Init Disruptor with 512 slot(s)
2016-01-02 00:24:00 INFO  DisruptorHandler:38 - Disruptor started
2016-01-02 00:24:00 INFO  DisruptorHandler:19 - Init Disruptor with 512 slot(s)
2016-01-02 00:24:00 INFO  DisruptorHandler:38 - Disruptor started
2016-01-02 00:24:19 INFO  DisruptorHandler:19 - Init Disruptor with 512 slot(s)
2016-01-02 00:24:19 INFO  DisruptorHandler:38 - Disruptor started
2016-01-02 00:24:20 DEBUG TimerCommandWDT:28 - Processing timer: a2472f27-e21b-42a3-8751-976cee2424de
2016-01-02 00:24:20 DEBUG TimerCommandWDT:33 - Readd a2472f27-e21b-42a3-8751-976cee2424de to queue and fire after 58253ms
2016-01-02 00:24:20 DEBUG TimerCommandWDT:28 - Processing timer: bb7673c3-8aef-4e9d-ae18-550073eb4e74
2016-01-02 00:24:20 DEBUG TimerCommandWDT:33 - Readd bb7673c3-8aef-4e9d-ae18-550073eb4e74 to queue and fire after 58253ms
2016-01-02 00:24:21 INFO  DisruptorHandler:19 - Init Disruptor with 512 slot(s)
2016-01-02 00:24:21 INFO  DisruptorHandler:38 - Disruptor started
2016-01-02 00:24:21 INFO  DisruptorHandler:19 - Init Disruptor with 512 slot(s)
2016-01-02 00:24:21 INFO  DisruptorHandler:38 - Disruptor started
2016-01-02 00:24:21 DEBUG TimerCommandWDT:28 - Processing timer: fc61b230-057c-4456-9c9d-57b8aa2ba439
2016-01-02 00:24:21 DEBUG TimerCommandWDT:33 - Readd fc61b230-057c-4456-9c9d-57b8aa2ba439 to queue and fire after 59245ms
2016-01-02 00:24:22 DEBUG TimerCommandWDT:28 - Processing timer: 4bca63b5-9dda-46b5-aecc-bab96a0027c2
2016-01-02 00:24:22 DEBUG TimerCommandWDT:33 - Readd 4bca63b5-9dda-46b5-aecc-bab96a0027c2 to queue and fire after 604798741ms
2016-01-02 00:24:22 INFO  DisruptorHandler:19 - Init Disruptor with 512 slot(s)
2016-01-02 00:24:22 INFO  DisruptorHandler:38 - Disruptor started
2016-01-02 00:24:22 INFO  DisruptorHandler:19 - Init Disruptor with 512 slot(s)
2016-01-02 00:24:22 INFO  DisruptorHandler:38 - Disruptor started
2016-01-02 00:24:22 INFO  DisruptorHandler:19 - Init Disruptor with 512 slot(s)
2016-01-02 00:24:22 INFO  DisruptorHandler:38 - Disruptor started
2016-01-02 00:24:22 INFO  DisruptorHandler:19 - Init Disruptor with 512 slot(s)
2016-01-02 00:24:22 INFO  DisruptorHandler:38 - Disruptor started
2016-01-02 00:24:22 INFO  DisruptorHandler:19 - Init Disruptor with 512 slot(s)
2016-01-02 00:24:22 INFO  DisruptorHandler:38 - Disruptor started
2016-01-02 00:24:22 INFO  DisruptorHandler:19 - Init Disruptor with 512 slot(s)
2016-01-02 00:24:22 INFO  DisruptorHandler:38 - Disruptor started
2016-01-02 00:24:23 DEBUG TimerCommandWDT:28 - Processing timer: 6fddc132-62d4-4f68-b08f-37e68f5b99e9
2016-01-02 00:24:23 DEBUG TimerCommandWDT:33 - Readd 6fddc132-62d4-4f68-b08f-37e68f5b99e9 to queue and fire after 58739ms
2016-01-02 00:24:24 INFO  DisruptorHandler:19 - Init Disruptor with 512 slot(s)
2016-01-02 00:24:24 INFO  DisruptorHandler:38 - Disruptor started
2016-01-02 00:25:52 INFO  DisruptorHandler:19 - Init Disruptor with 512 slot(s)
2016-01-02 00:25:53 INFO  DisruptorHandler:38 - Disruptor started
2016-01-02 00:25:53 INFO  DisruptorHandler:19 - Init Disruptor with 512 slot(s)
2016-01-02 00:25:53 INFO  DisruptorHandler:38 - Disruptor started
2016-01-02 00:25:53 INFO  DisruptorHandler:19 - Init Disruptor with 512 slot(s)
2016-01-02 00:25:53 INFO  DisruptorHandler:38 - Disruptor started
2016-01-02 00:25:53 INFO  DisruptorHandler:19 - Init Disruptor with 512 slot(s)
2016-01-02 00:25:53 INFO  DisruptorHandler:38 - Disruptor started
2016-01-02 00:25:53 INFO  DisruptorHandler:19 - Init Disruptor with 512 slot(s)
2016-01-02 00:25:53 INFO  DisruptorHandler:38 - Disruptor started
2016-01-02 00:25:53 DEBUG TimerCommandWDT:28 - Processing timer: 2b1ce688-2dca-41ed-a5e0-fe6848c040cb
2016-01-02 00:25:53 DEBUG TimerCommandWDT:33 - Readd 2b1ce688-2dca-41ed-a5e0-fe6848c040cb to queue and fire after 59012ms
2016-01-02 00:25:54 DEBUG TimerCommandWDT:28 - Processing timer: 1498b9bc-9a6c-4c08-903f-c1e584598713
2016-01-02 00:25:54 DEBUG TimerCommandWDT:33 - Readd 1498b9bc-9a6c-4c08-903f-c1e584598713 to queue and fire after 58508ms
2016-01-02 00:25:54 DEBUG TimerCommandWDT:28 - Processing timer: b32aecb6-6553-4365-a30b-00fc2fcc5d4e
2016-01-02 00:25:54 DEBUG TimerCommandWDT:33 - Readd b32aecb6-6553-4365-a30b-00fc2fcc5d4e to queue and fire after 58508ms
2016-01-02 00:25:55 INFO  DisruptorHandler:19 - Init Disruptor with 512 slot(s)
2016-01-02 00:25:55 INFO  DisruptorHandler:38 - Disruptor started
2016-01-02 00:25:55 INFO  DisruptorHandler:19 - Init Disruptor with 512 slot(s)
2016-01-02 00:25:55 INFO  DisruptorHandler:38 - Disruptor started
2016-01-02 00:25:55 DEBUG TimerCommandWDT:28 - Processing timer: 95acba9e-f7d1-4da6-bcfd-0d8c9d3fbcc9
2016-01-02 00:25:55 DEBUG TimerCommandWDT:33 - Readd 95acba9e-f7d1-4da6-bcfd-0d8c9d3fbcc9 to queue and fire after 604799003ms
2016-01-02 00:25:56 INFO  DisruptorHandler:19 - Init Disruptor with 512 slot(s)
2016-01-02 00:25:56 INFO  DisruptorHandler:38 - Disruptor started
2016-01-02 00:26:17 INFO  DisruptorHandler:19 - Init Disruptor with 512 slot(s)
2016-01-02 00:26:17 INFO  DisruptorHandler:38 - Disruptor started
2016-01-02 00:26:18 DEBUG TimerCommandWDT:28 - Processing timer: eb1d2208-ebd8-4390-85b1-03fc9862f90a
2016-01-02 00:26:18 DEBUG TimerCommandWDT:33 - Readd eb1d2208-ebd8-4390-85b1-03fc9862f90a to queue and fire after 58693ms
2016-01-02 00:26:18 DEBUG TimerCommandWDT:28 - Processing timer: a2b246b2-2953-416b-beeb-151827b54140
2016-01-02 00:26:18 DEBUG TimerCommandWDT:33 - Readd a2b246b2-2953-416b-beeb-151827b54140 to queue and fire after 58693ms
2016-01-02 00:26:19 INFO  DisruptorHandler:19 - Init Disruptor with 512 slot(s)
2016-01-02 00:26:19 INFO  DisruptorHandler:38 - Disruptor started
2016-01-02 00:26:19 DEBUG TimerCommandWDT:28 - Processing timer: afc12c92-e119-4de5-9df6-0cbc6045e0b9
2016-01-02 00:26:19 DEBUG TimerCommandWDT:33 - Readd afc12c92-e119-4de5-9df6-0cbc6045e0b9 to queue and fire after 59690ms
2016-01-02 00:26:19 INFO  DisruptorHandler:19 - Init Disruptor with 512 slot(s)
2016-01-02 00:26:19 INFO  DisruptorHandler:38 - Disruptor started
2016-01-02 00:26:19 DEBUG TimerCommandWDT:28 - Processing timer: f41c5d5c-5b64-4fb5-8a10-bfd9b147e742
2016-01-02 00:26:19 DEBUG TimerCommandWDT:33 - Readd f41c5d5c-5b64-4fb5-8a10-bfd9b147e742 to queue and fire after 604799186ms
2016-01-02 00:26:20 INFO  DisruptorHandler:19 - Init Disruptor with 512 slot(s)
2016-01-02 00:26:20 INFO  DisruptorHandler:38 - Disruptor started
2016-01-02 00:26:20 INFO  DisruptorHandler:19 - Init Disruptor with 512 slot(s)
2016-01-02 00:26:20 INFO  DisruptorHandler:38 - Disruptor started
2016-01-02 00:26:20 INFO  DisruptorHandler:19 - Init Disruptor with 512 slot(s)
2016-01-02 00:26:20 INFO  DisruptorHandler:38 - Disruptor started
2016-01-02 00:26:20 INFO  DisruptorHandler:19 - Init Disruptor with 512 slot(s)
2016-01-02 00:26:20 INFO  DisruptorHandler:38 - Disruptor started
2016-01-02 00:26:20 INFO  DisruptorHandler:19 - Init Disruptor with 512 slot(s)
2016-01-02 00:26:20 INFO  DisruptorHandler:38 - Disruptor started
2016-01-02 00:26:20 INFO  DisruptorHandler:19 - Init Disruptor with 512 slot(s)
2016-01-02 00:26:20 INFO  DisruptorHandler:38 - Disruptor started
2016-01-02 00:26:20 DEBUG TimerCommandWDT:28 - Processing timer: 49ac838b-0a7e-4fa4-91d7-56d3e5941fc8
2016-01-02 00:26:20 DEBUG TimerCommandWDT:33 - Readd 49ac838b-0a7e-4fa4-91d7-56d3e5941fc8 to queue and fire after 59184ms
2016-01-02 00:26:21 INFO  DisruptorHandler:19 - Init Disruptor with 512 slot(s)
2016-01-02 00:26:21 INFO  DisruptorHandler:38 - Disruptor started
2016-01-02 00:27:48 INFO  DisruptorHandler:19 - Init Disruptor with 512 slot(s)
2016-01-02 00:27:48 INFO  DisruptorHandler:38 - Disruptor started
2016-01-02 00:27:49 INFO  DisruptorHandler:19 - Init Disruptor with 512 slot(s)
2016-01-02 00:27:49 INFO  DisruptorHandler:38 - Disruptor started
2016-01-02 00:27:49 DEBUG TimerCommandWDT:28 - Processing timer: 838c06fc-0f94-4f3f-99ef-4fa7354db635
2016-01-02 00:27:49 DEBUG TimerCommandWDT:33 - Readd 838c06fc-0f94-4f3f-99ef-4fa7354db635 to queue and fire after 58865ms
2016-01-02 00:27:49 DEBUG TimerCommandWDT:28 - Processing timer: 2541a37c-aebc-4860-8910-7f699bf7c8af
2016-01-02 00:27:49 DEBUG TimerCommandWDT:33 - Readd 2541a37c-aebc-4860-8910-7f699bf7c8af to queue and fire after 59865ms
2016-01-02 00:27:49 DEBUG TimerCommandWDT:28 - Processing timer: 48914653-397e-4aad-af3d-e0466d320045
2016-01-02 00:27:49 DEBUG TimerCommandWDT:33 - Readd 48914653-397e-4aad-af3d-e0466d320045 to queue and fire after 59358ms
2016-01-02 00:27:50 INFO  DisruptorHandler:19 - Init Disruptor with 512 slot(s)
2016-01-02 00:27:50 INFO  DisruptorHandler:38 - Disruptor started
2016-01-02 00:27:50 INFO  DisruptorHandler:19 - Init Disruptor with 512 slot(s)
2016-01-02 00:27:50 INFO  DisruptorHandler:38 - Disruptor started
2016-01-02 00:27:50 DEBUG TimerCommandWDT:28 - Processing timer: c21837b8-6f17-4696-9ec7-df70f95e94de
2016-01-02 00:27:50 DEBUG TimerCommandWDT:33 - Readd c21837b8-6f17-4696-9ec7-df70f95e94de to queue and fire after 604799354ms
2016-01-02 00:27:51 INFO  DisruptorHandler:19 - Init Disruptor with 512 slot(s)
2016-01-02 00:27:51 INFO  DisruptorHandler:38 - Disruptor started
2016-01-02 00:27:51 INFO  DisruptorHandler:19 - Init Disruptor with 512 slot(s)
2016-01-02 00:27:51 INFO  DisruptorHandler:38 - Disruptor started
2016-01-02 00:27:51 INFO  DisruptorHandler:19 - Init Disruptor with 512 slot(s)
2016-01-02 00:27:51 INFO  DisruptorHandler:38 - Disruptor started
2016-01-02 00:27:51 INFO  DisruptorHandler:19 - Init Disruptor with 512 slot(s)
2016-01-02 00:27:51 INFO  DisruptorHandler:38 - Disruptor started
2016-01-02 00:27:51 INFO  DisruptorHandler:19 - Init Disruptor with 512 slot(s)
2016-01-02 00:27:51 INFO  DisruptorHandler:38 - Disruptor started
2016-01-02 00:27:53 INFO  DisruptorHandler:19 - Init Disruptor with 512 slot(s)
2016-01-02 00:27:53 INFO  DisruptorHandler:38 - Disruptor started
2016-01-02 00:28:31 INFO  DisruptorHandler:19 - Init Disruptor with 512 slot(s)
2016-01-02 00:28:31 INFO  DisruptorHandler:38 - Disruptor started
2016-01-02 00:28:31 INFO  DisruptorHandler:19 - Init Disruptor with 512 slot(s)
2016-01-02 00:28:31 INFO  DisruptorHandler:38 - Disruptor started
2016-01-02 00:28:32 DEBUG TimerCommandWDT:28 - Processing timer: c828c384-8756-4f3b-80ab-ac61d075044a
2016-01-02 00:28:32 DEBUG TimerCommandWDT:33 - Readd c828c384-8756-4f3b-80ab-ac61d075044a to queue and fire after 58881ms
2016-01-02 00:28:32 DEBUG TimerCommandWDT:28 - Processing timer: 4738aac0-5756-48fe-9d7c-c025b4f17727
2016-01-02 00:28:32 DEBUG TimerCommandWDT:33 - Readd 4738aac0-5756-48fe-9d7c-c025b4f17727 to queue and fire after 58881ms
2016-01-02 00:28:32 DEBUG TimerCommandWDT:28 - Processing timer: 4e2fd1d7-1e24-4bb3-bfce-db4575ae10e6
2016-01-02 00:28:32 DEBUG TimerCommandWDT:33 - Readd 4e2fd1d7-1e24-4bb3-bfce-db4575ae10e6 to queue and fire after 58881ms
2016-01-02 00:28:32 INFO  DisruptorHandler:19 - Init Disruptor with 512 slot(s)
2016-01-02 00:28:32 INFO  DisruptorHandler:38 - Disruptor started
2016-01-02 00:28:33 DEBUG TimerCommandWDT:28 - Processing timer: cc062fe8-4605-4e72-a4bc-abee269f999e
2016-01-02 00:28:33 DEBUG TimerCommandWDT:33 - Readd cc062fe8-4605-4e72-a4bc-abee269f999e to queue and fire after 58877ms
2016-01-02 00:28:33 INFO  DisruptorHandler:19 - Init Disruptor with 512 slot(s)
2016-01-02 00:28:33 INFO  DisruptorHandler:38 - Disruptor started
2016-01-02 00:28:33 DEBUG TimerCommandWDT:28 - Processing timer: ef48ee96-179f-48b5-bfcb-5f1f880cef4c
2016-01-02 00:28:33 DEBUG TimerCommandWDT:33 - Readd ef48ee96-179f-48b5-bfcb-5f1f880cef4c to queue and fire after 604799375ms
2016-01-02 00:28:34 INFO  DisruptorHandler:19 - Init Disruptor with 512 slot(s)
2016-01-02 00:28:34 INFO  DisruptorHandler:38 - Disruptor started
2016-01-02 00:28:34 INFO  DisruptorHandler:19 - Init Disruptor with 512 slot(s)
2016-01-02 00:28:34 INFO  DisruptorHandler:38 - Disruptor started
2016-01-02 00:28:34 INFO  DisruptorHandler:19 - Init Disruptor with 512 slot(s)
2016-01-02 00:28:34 INFO  DisruptorHandler:38 - Disruptor started
2016-01-02 00:28:34 INFO  DisruptorHandler:19 - Init Disruptor with 512 slot(s)
2016-01-02 00:28:34 INFO  DisruptorHandler:38 - Disruptor started
2016-01-02 00:28:51 INFO  DisruptorHandler:19 - Init Disruptor with 512 slot(s)
2016-01-02 00:28:52 INFO  DisruptorHandler:38 - Disruptor started
2016-01-02 00:28:52 DEBUG TimerCommandWDT:28 - Processing timer: 888422c4-41bb-4c56-a9d3-170495fbc1de
2016-01-02 00:28:52 DEBUG TimerCommandWDT:33 - Readd 888422c4-41bb-4c56-a9d3-170495fbc1de to queue and fire after 59013ms
2016-01-02 00:28:52 DEBUG TimerCommandWDT:28 - Processing timer: 2279f8fc-cfcb-4a7e-a2d4-5399c288acd8
2016-01-02 00:28:52 DEBUG TimerCommandWDT:33 - Readd 2279f8fc-cfcb-4a7e-a2d4-5399c288acd8 to queue and fire after 59013ms
2016-01-02 00:28:53 INFO  DisruptorHandler:19 - Init Disruptor with 512 slot(s)
2016-01-02 00:28:53 INFO  DisruptorHandler:38 - Disruptor started
2016-01-02 00:28:53 DEBUG TimerCommandWDT:28 - Processing timer: eeab5291-4bb9-4c11-8b27-39f7c491fa0f
2016-01-02 00:28:53 DEBUG TimerCommandWDT:33 - Readd eeab5291-4bb9-4c11-8b27-39f7c491fa0f to queue and fire after 59006ms
2016-01-02 00:28:54 INFO  DisruptorHandler:19 - Init Disruptor with 512 slot(s)
2016-01-02 00:28:54 INFO  DisruptorHandler:38 - Disruptor started
2016-01-02 00:28:54 DEBUG TimerCommandWDT:28 - Processing timer: 60931bac-6d96-4205-8ef8-49b76b3f7bc2
2016-01-02 00:28:54 DEBUG TimerCommandWDT:33 - Readd 60931bac-6d96-4205-8ef8-49b76b3f7bc2 to queue and fire after 604799504ms
2016-01-02 00:28:55 INFO  DisruptorHandler:19 - Init Disruptor with 512 slot(s)
2016-01-02 00:28:55 INFO  DisruptorHandler:38 - Disruptor started
2016-01-02 00:28:55 INFO  DisruptorHandler:19 - Init Disruptor with 512 slot(s)
2016-01-02 00:28:55 INFO  DisruptorHandler:38 - Disruptor started
2016-01-02 00:28:55 INFO  DisruptorHandler:19 - Init Disruptor with 512 slot(s)
2016-01-02 00:28:55 INFO  DisruptorHandler:38 - Disruptor started
2016-01-02 00:28:55 INFO  DisruptorHandler:19 - Init Disruptor with 512 slot(s)
2016-01-02 00:28:55 INFO  DisruptorHandler:38 - Disruptor started
2016-01-02 00:28:55 INFO  DisruptorHandler:19 - Init Disruptor with 512 slot(s)
2016-01-02 00:28:55 INFO  DisruptorHandler:38 - Disruptor started
2016-01-02 00:28:55 INFO  DisruptorHandler:19 - Init Disruptor with 512 slot(s)
2016-01-02 00:28:55 INFO  DisruptorHandler:38 - Disruptor started
2016-01-02 00:28:55 DEBUG TimerCommandWDT:28 - Processing timer: 13e3ccc1-d0af-48ba-b688-56d5d49d254a
2016-01-02 00:28:55 DEBUG TimerCommandWDT:33 - Readd 13e3ccc1-d0af-48ba-b688-56d5d49d254a to queue and fire after 59501ms
2016-01-02 00:28:56 INFO  DisruptorHandler:19 - Init Disruptor with 512 slot(s)
2016-01-02 00:28:56 INFO  DisruptorHandler:38 - Disruptor started
2016-01-02 01:09:35 INFO  DisruptorHandler:19 - Init Disruptor with 512 slot(s)
2016-01-02 01:09:35 INFO  DisruptorHandler:38 - Disruptor started
2016-01-02 01:09:36 INFO  DisruptorHandler:19 - Init Disruptor with 512 slot(s)
2016-01-02 01:09:36 INFO  DisruptorHandler:38 - Disruptor started
2016-01-02 01:09:36 DEBUG TimerCommandWDT:28 - Processing timer: f17cc5c4-7b1b-4b7a-a670-156c898fc030
2016-01-02 01:09:36 DEBUG TimerCommandWDT:33 - Readd f17cc5c4-7b1b-4b7a-a670-156c898fc030 to queue and fire after 600370652ms
2016-01-02 01:09:36 DEBUG TimerCommandWDT:28 - Processing timer: 617ffd8a-1785-4fd5-9953-eb03727dc4d0
2016-01-02 01:09:36 DEBUG TimerCommandWDT:33 - Readd 617ffd8a-1785-4fd5-9953-eb03727dc4d0 to queue and fire after 601895652ms
2016-01-02 01:09:36 DEBUG TimerCommandWDT:28 - Processing timer: 8993a39d-1383-4e20-8031-44a37b357b00
2016-01-02 01:09:36 DEBUG TimerCommandWDT:33 - Readd 8993a39d-1383-4e20-8031-44a37b357b00 to queue and fire after 601959652ms
2016-01-02 01:09:36 DEBUG TimerCommandWDT:28 - Processing timer: 781a406a-51ea-4682-8f9e-9921ebe8dc29
2016-01-02 01:09:36 DEBUG TimerCommandWDT:33 - Readd 781a406a-51ea-4682-8f9e-9921ebe8dc29 to queue and fire after 602009652ms
2016-01-02 01:09:36 DEBUG TimerCommandWDT:28 - Processing timer: eaca6009-1cf5-4329-9521-23480974c078
2016-01-02 01:09:36 DEBUG TimerCommandWDT:33 - Readd eaca6009-1cf5-4329-9521-23480974c078 to queue and fire after 602062652ms
2016-01-02 01:09:36 DEBUG TimerCommandWDT:28 - Processing timer: 4bca63b5-9dda-46b5-aecc-bab96a0027c2
2016-01-02 01:09:36 DEBUG TimerCommandWDT:33 - Readd 4bca63b5-9dda-46b5-aecc-bab96a0027c2 to queue and fire after 602084652ms
2016-01-02 01:09:36 DEBUG TimerCommandWDT:28 - Processing timer: 95acba9e-f7d1-4da6-bcfd-0d8c9d3fbcc9
2016-01-02 01:09:36 DEBUG TimerCommandWDT:33 - Readd 95acba9e-f7d1-4da6-bcfd-0d8c9d3fbcc9 to queue and fire after 602178652ms
2016-01-02 01:09:36 DEBUG TimerCommandWDT:28 - Processing timer: f41c5d5c-5b64-4fb5-8a10-bfd9b147e742
2016-01-02 01:09:36 DEBUG TimerCommandWDT:33 - Readd f41c5d5c-5b64-4fb5-8a10-bfd9b147e742 to queue and fire after 602202652ms
2016-01-02 01:09:36 DEBUG TimerCommandWDT:28 - Processing timer: c21837b8-6f17-4696-9ec7-df70f95e94de
2016-01-02 01:09:36 DEBUG TimerCommandWDT:33 - Readd c21837b8-6f17-4696-9ec7-df70f95e94de to queue and fire after 602293652ms
2016-01-02 01:09:36 DEBUG TimerCommandWDT:28 - Processing timer: ef48ee96-179f-48b5-bfcb-5f1f880cef4c
2016-01-02 01:09:36 DEBUG TimerCommandWDT:33 - Readd ef48ee96-179f-48b5-bfcb-5f1f880cef4c to queue and fire after 602336652ms
2016-01-02 01:09:36 DEBUG TimerCommandWDT:28 - Processing timer: 60931bac-6d96-4205-8ef8-49b76b3f7bc2
2016-01-02 01:09:36 DEBUG TimerCommandWDT:33 - Readd 60931bac-6d96-4205-8ef8-49b76b3f7bc2 to queue and fire after 602357652ms
2016-01-02 01:09:36 DEBUG TimerCommandWDT:28 - Processing timer: 22a94e50-1443-495f-8f8b-747b0d71fbda
2016-01-02 01:09:36 DEBUG TimerCommandWDT:33 - Readd 22a94e50-1443-495f-8f8b-747b0d71fbda to queue and fire after 58652ms
2016-01-02 01:09:36 DEBUG TimerCommandWDT:28 - Processing timer: f17cc5c4-7b1b-4b7a-a670-156c898fc030
2016-01-02 01:09:36 DEBUG TimerCommandWDT:33 - Readd f17cc5c4-7b1b-4b7a-a670-156c898fc030 to queue and fire after 600370437ms
2016-01-02 01:09:36 DEBUG TimerCommandWDT:28 - Processing timer: 617ffd8a-1785-4fd5-9953-eb03727dc4d0
2016-01-02 01:09:36 DEBUG TimerCommandWDT:33 - Readd 617ffd8a-1785-4fd5-9953-eb03727dc4d0 to queue and fire after 601895437ms
2016-01-02 01:09:36 DEBUG TimerCommandWDT:28 - Processing timer: 8993a39d-1383-4e20-8031-44a37b357b00
2016-01-02 01:09:36 DEBUG TimerCommandWDT:33 - Readd 8993a39d-1383-4e20-8031-44a37b357b00 to queue and fire after 601959437ms
2016-01-02 01:09:36 DEBUG TimerCommandWDT:28 - Processing timer: 781a406a-51ea-4682-8f9e-9921ebe8dc29
2016-01-02 01:09:36 DEBUG TimerCommandWDT:33 - Readd 781a406a-51ea-4682-8f9e-9921ebe8dc29 to queue and fire after 602009437ms
2016-01-02 01:09:36 DEBUG TimerCommandWDT:28 - Processing timer: eaca6009-1cf5-4329-9521-23480974c078
2016-01-02 01:09:36 DEBUG TimerCommandWDT:33 - Readd eaca6009-1cf5-4329-9521-23480974c078 to queue and fire after 602062437ms
2016-01-02 01:09:36 DEBUG TimerCommandWDT:28 - Processing timer: 4bca63b5-9dda-46b5-aecc-bab96a0027c2
2016-01-02 01:09:36 DEBUG TimerCommandWDT:33 - Readd 4bca63b5-9dda-46b5-aecc-bab96a0027c2 to queue and fire after 602084437ms
2016-01-02 01:09:36 DEBUG TimerCommandWDT:28 - Processing timer: 95acba9e-f7d1-4da6-bcfd-0d8c9d3fbcc9
2016-01-02 01:09:36 DEBUG TimerCommandWDT:33 - Readd 95acba9e-f7d1-4da6-bcfd-0d8c9d3fbcc9 to queue and fire after 602178437ms
2016-01-02 01:09:36 DEBUG TimerCommandWDT:28 - Processing timer: f41c5d5c-5b64-4fb5-8a10-bfd9b147e742
2016-01-02 01:09:36 DEBUG TimerCommandWDT:33 - Readd f41c5d5c-5b64-4fb5-8a10-bfd9b147e742 to queue and fire after 602202437ms
2016-01-02 01:09:36 DEBUG TimerCommandWDT:28 - Processing timer: c21837b8-6f17-4696-9ec7-df70f95e94de
2016-01-02 01:09:36 DEBUG TimerCommandWDT:33 - Readd c21837b8-6f17-4696-9ec7-df70f95e94de to queue and fire after 602293437ms
2016-01-02 01:09:36 DEBUG TimerCommandWDT:28 - Processing timer: ef48ee96-179f-48b5-bfcb-5f1f880cef4c
2016-01-02 01:09:36 DEBUG TimerCommandWDT:33 - Readd ef48ee96-179f-48b5-bfcb-5f1f880cef4c to queue and fire after 602336437ms
2016-01-02 01:09:36 DEBUG TimerCommandWDT:28 - Processing timer: 60931bac-6d96-4205-8ef8-49b76b3f7bc2
2016-01-02 01:09:36 DEBUG TimerCommandWDT:33 - Readd 60931bac-6d96-4205-8ef8-49b76b3f7bc2 to queue and fire after 602357437ms
2016-01-02 01:09:36 DEBUG TimerCommandWDT:28 - Processing timer: 2123743d-c0b9-4c15-8bd6-15c386ee9f89
2016-01-02 01:09:36 DEBUG TimerCommandWDT:33 - Readd 2123743d-c0b9-4c15-8bd6-15c386ee9f89 to queue and fire after 59437ms
2016-01-02 01:09:36 DEBUG TimerCommandWDT:28 - Processing timer: 2db5c2c0-2b1b-4bd0-b773-763400a7fb60
2016-01-02 01:09:36 DEBUG TimerCommandWDT:33 - Readd 2db5c2c0-2b1b-4bd0-b773-763400a7fb60 to queue and fire after 59437ms
2016-01-02 01:09:37 INFO  DisruptorHandler:19 - Init Disruptor with 512 slot(s)
2016-01-02 01:09:37 INFO  DisruptorHandler:38 - Disruptor started
2016-01-02 01:09:37 DEBUG TimerCommandWDT:28 - Processing timer: 2123743d-c0b9-4c15-8bd6-15c386ee9f89
2016-01-02 01:09:37 DEBUG TimerCommandWDT:33 - Readd 2123743d-c0b9-4c15-8bd6-15c386ee9f89 to queue and fire after 58616ms
2016-01-02 01:09:37 INFO  DisruptorHandler:19 - Init Disruptor with 512 slot(s)
2016-01-02 01:09:37 INFO  DisruptorHandler:38 - Disruptor started
2016-01-02 01:09:37 DEBUG TimerCommandWDT:28 - Processing timer: e4c22e31-7b15-4f7a-a70c-4c7bbb7aedb5
2016-01-02 01:09:37 DEBUG TimerCommandWDT:33 - Readd e4c22e31-7b15-4f7a-a70c-4c7bbb7aedb5 to queue and fire after 59423ms
2016-01-02 01:09:37 DEBUG TimerCommandService:236 - Get and remove but not found 29767bca-96bf-4388-8864-bcc33ce3cb7b
2016-01-02 01:09:37 DEBUG TimerCommandWDT:28 - Processing timer: f17cc5c4-7b1b-4b7a-a670-156c898fc030
2016-01-02 01:09:37 DEBUG TimerCommandWDT:33 - Readd f17cc5c4-7b1b-4b7a-a670-156c898fc030 to queue and fire after 600369278ms
2016-01-02 01:09:37 DEBUG TimerCommandWDT:28 - Processing timer: 617ffd8a-1785-4fd5-9953-eb03727dc4d0
2016-01-02 01:09:37 DEBUG TimerCommandWDT:33 - Readd 617ffd8a-1785-4fd5-9953-eb03727dc4d0 to queue and fire after 601894278ms
2016-01-02 01:09:37 DEBUG TimerCommandWDT:28 - Processing timer: 8993a39d-1383-4e20-8031-44a37b357b00
2016-01-02 01:09:37 DEBUG TimerCommandWDT:33 - Readd 8993a39d-1383-4e20-8031-44a37b357b00 to queue and fire after 601958278ms
2016-01-02 01:09:37 DEBUG TimerCommandWDT:28 - Processing timer: 781a406a-51ea-4682-8f9e-9921ebe8dc29
2016-01-02 01:09:37 DEBUG TimerCommandWDT:33 - Readd 781a406a-51ea-4682-8f9e-9921ebe8dc29 to queue and fire after 602008278ms
2016-01-02 01:09:37 DEBUG TimerCommandWDT:28 - Processing timer: eaca6009-1cf5-4329-9521-23480974c078
2016-01-02 01:09:37 DEBUG TimerCommandWDT:33 - Readd eaca6009-1cf5-4329-9521-23480974c078 to queue and fire after 602061278ms
2016-01-02 01:09:37 DEBUG TimerCommandWDT:28 - Processing timer: 4bca63b5-9dda-46b5-aecc-bab96a0027c2
2016-01-02 01:09:37 DEBUG TimerCommandWDT:33 - Readd 4bca63b5-9dda-46b5-aecc-bab96a0027c2 to queue and fire after 602083278ms
2016-01-02 01:09:37 DEBUG TimerCommandWDT:28 - Processing timer: 95acba9e-f7d1-4da6-bcfd-0d8c9d3fbcc9
2016-01-02 01:09:37 DEBUG TimerCommandWDT:33 - Readd 95acba9e-f7d1-4da6-bcfd-0d8c9d3fbcc9 to queue and fire after 602177278ms
2016-01-02 01:09:37 DEBUG TimerCommandWDT:28 - Processing timer: f41c5d5c-5b64-4fb5-8a10-bfd9b147e742
2016-01-02 01:09:37 DEBUG TimerCommandWDT:33 - Readd f41c5d5c-5b64-4fb5-8a10-bfd9b147e742 to queue and fire after 602201278ms
2016-01-02 01:09:37 DEBUG TimerCommandWDT:28 - Processing timer: c21837b8-6f17-4696-9ec7-df70f95e94de
2016-01-02 01:09:37 DEBUG TimerCommandWDT:33 - Readd c21837b8-6f17-4696-9ec7-df70f95e94de to queue and fire after 602292278ms
2016-01-02 01:09:37 DEBUG TimerCommandWDT:28 - Processing timer: ef48ee96-179f-48b5-bfcb-5f1f880cef4c
2016-01-02 01:09:37 DEBUG TimerCommandWDT:33 - Readd ef48ee96-179f-48b5-bfcb-5f1f880cef4c to queue and fire after 602335278ms
2016-01-02 01:09:37 DEBUG TimerCommandWDT:28 - Processing timer: 60931bac-6d96-4205-8ef8-49b76b3f7bc2
2016-01-02 01:09:37 DEBUG TimerCommandWDT:33 - Readd 60931bac-6d96-4205-8ef8-49b76b3f7bc2 to queue and fire after 602356278ms
2016-01-02 01:09:37 DEBUG TimerCommandWDT:28 - Processing timer: f17cc5c4-7b1b-4b7a-a670-156c898fc030
2016-01-02 01:09:37 DEBUG TimerCommandWDT:33 - Readd f17cc5c4-7b1b-4b7a-a670-156c898fc030 to queue and fire after 600369002ms
2016-01-02 01:09:37 DEBUG TimerCommandWDT:28 - Processing timer: 617ffd8a-1785-4fd5-9953-eb03727dc4d0
2016-01-02 01:09:38 DEBUG TimerCommandWDT:33 - Readd 617ffd8a-1785-4fd5-9953-eb03727dc4d0 to queue and fire after 601894002ms
2016-01-02 01:09:38 DEBUG TimerCommandWDT:28 - Processing timer: 8993a39d-1383-4e20-8031-44a37b357b00
2016-01-02 01:09:38 DEBUG TimerCommandWDT:33 - Readd 8993a39d-1383-4e20-8031-44a37b357b00 to queue and fire after 601958002ms
2016-01-02 01:09:38 DEBUG TimerCommandWDT:28 - Processing timer: 781a406a-51ea-4682-8f9e-9921ebe8dc29
2016-01-02 01:09:38 DEBUG TimerCommandWDT:33 - Readd 781a406a-51ea-4682-8f9e-9921ebe8dc29 to queue and fire after 602008002ms
2016-01-02 01:09:38 DEBUG TimerCommandWDT:28 - Processing timer: eaca6009-1cf5-4329-9521-23480974c078
2016-01-02 01:09:38 DEBUG TimerCommandWDT:33 - Readd eaca6009-1cf5-4329-9521-23480974c078 to queue and fire after 602061002ms
2016-01-02 01:09:38 DEBUG TimerCommandWDT:28 - Processing timer: 4bca63b5-9dda-46b5-aecc-bab96a0027c2
2016-01-02 01:09:38 DEBUG TimerCommandWDT:33 - Readd 4bca63b5-9dda-46b5-aecc-bab96a0027c2 to queue and fire after 602083002ms
2016-01-02 01:09:38 DEBUG TimerCommandWDT:28 - Processing timer: 95acba9e-f7d1-4da6-bcfd-0d8c9d3fbcc9
2016-01-02 01:09:38 DEBUG TimerCommandWDT:33 - Readd 95acba9e-f7d1-4da6-bcfd-0d8c9d3fbcc9 to queue and fire after 602177002ms
2016-01-02 01:09:38 DEBUG TimerCommandWDT:28 - Processing timer: f41c5d5c-5b64-4fb5-8a10-bfd9b147e742
2016-01-02 01:09:38 DEBUG TimerCommandWDT:33 - Readd f41c5d5c-5b64-4fb5-8a10-bfd9b147e742 to queue and fire after 602201002ms
2016-01-02 01:09:38 DEBUG TimerCommandWDT:28 - Processing timer: c21837b8-6f17-4696-9ec7-df70f95e94de
2016-01-02 01:09:38 DEBUG TimerCommandWDT:33 - Readd c21837b8-6f17-4696-9ec7-df70f95e94de to queue and fire after 602292002ms
2016-01-02 01:09:38 DEBUG TimerCommandWDT:28 - Processing timer: ef48ee96-179f-48b5-bfcb-5f1f880cef4c
2016-01-02 01:09:38 DEBUG TimerCommandWDT:33 - Readd ef48ee96-179f-48b5-bfcb-5f1f880cef4c to queue and fire after 602335002ms
2016-01-02 01:09:38 DEBUG TimerCommandWDT:28 - Processing timer: 60931bac-6d96-4205-8ef8-49b76b3f7bc2
2016-01-02 01:09:38 DEBUG TimerCommandWDT:33 - Readd 60931bac-6d96-4205-8ef8-49b76b3f7bc2 to queue and fire after 602356002ms
2016-01-02 01:09:38 DEBUG TimerCommandWDT:28 - Processing timer: 29767bca-96bf-4388-8864-bcc33ce3cb7b
2016-01-02 01:09:38 DEBUG TimerCommandWDT:33 - Readd 29767bca-96bf-4388-8864-bcc33ce3cb7b to queue and fire after 59002ms
2016-01-02 01:09:38 INFO  DisruptorHandler:19 - Init Disruptor with 512 slot(s)
2016-01-02 01:09:38 INFO  DisruptorHandler:38 - Disruptor started
2016-01-02 01:09:38 INFO  DisruptorHandler:19 - Init Disruptor with 512 slot(s)
2016-01-02 01:09:38 INFO  DisruptorHandler:38 - Disruptor started
2016-01-02 01:09:38 INFO  DisruptorHandler:19 - Init Disruptor with 512 slot(s)
2016-01-02 01:09:38 INFO  DisruptorHandler:38 - Disruptor started
2016-01-02 01:09:38 INFO  DisruptorHandler:19 - Init Disruptor with 512 slot(s)
2016-01-02 01:09:38 INFO  DisruptorHandler:38 - Disruptor started
2016-01-02 01:09:38 INFO  DisruptorHandler:19 - Init Disruptor with 512 slot(s)
2016-01-02 01:09:38 DEBUG TimerCommandWDT:28 - Processing timer: 29767bca-96bf-4388-8864-bcc33ce3cb7b
2016-01-02 01:09:38 INFO  DisruptorHandler:38 - Disruptor started
2016-01-02 01:09:38 DEBUG TimerCommandWDT:28 - Processing timer: 29767bca-96bf-4388-8864-bcc33ce3cb7b
2016-01-02 01:09:38 DEBUG TimerCommandWDT:33 - Readd 29767bca-96bf-4388-8864-bcc33ce3cb7b to queue and fire after 58115ms
2016-01-02 01:09:39 DEBUG TimerCommandWDT:28 - Processing timer: 29767bca-96bf-4388-8864-bcc33ce3cb7b
2016-01-02 01:09:39 DEBUG TimerCommandWDT:33 - Readd 29767bca-96bf-4388-8864-bcc33ce3cb7b to queue and fire after 57993ms
2016-01-02 01:09:39 DEBUG TimerCommandWDT:28 - Processing timer: 29767bca-96bf-4388-8864-bcc33ce3cb7b
2016-01-02 01:09:39 DEBUG TimerCommandWDT:33 - Readd 29767bca-96bf-4388-8864-bcc33ce3cb7b to queue and fire after 57922ms
2016-01-02 01:09:39 DEBUG TimerCommandWDT:28 - Processing timer: f17cc5c4-7b1b-4b7a-a670-156c898fc030
2016-01-02 01:09:39 DEBUG TimerCommandWDT:33 - Readd f17cc5c4-7b1b-4b7a-a670-156c898fc030 to queue and fire after 600367815ms
2016-01-02 01:09:39 DEBUG TimerCommandWDT:28 - Processing timer: 617ffd8a-1785-4fd5-9953-eb03727dc4d0
2016-01-02 01:09:39 DEBUG TimerCommandWDT:33 - Readd 617ffd8a-1785-4fd5-9953-eb03727dc4d0 to queue and fire after 601892815ms
2016-01-02 01:09:39 DEBUG TimerCommandWDT:28 - Processing timer: 8993a39d-1383-4e20-8031-44a37b357b00
2016-01-02 01:09:39 DEBUG TimerCommandWDT:33 - Readd 8993a39d-1383-4e20-8031-44a37b357b00 to queue and fire after 601956815ms
2016-01-02 01:09:39 DEBUG TimerCommandWDT:28 - Processing timer: 781a406a-51ea-4682-8f9e-9921ebe8dc29
2016-01-02 01:09:39 DEBUG TimerCommandWDT:33 - Readd 781a406a-51ea-4682-8f9e-9921ebe8dc29 to queue and fire after 602006815ms
2016-01-02 01:09:39 DEBUG TimerCommandWDT:28 - Processing timer: eaca6009-1cf5-4329-9521-23480974c078
2016-01-02 01:09:39 DEBUG TimerCommandWDT:33 - Readd eaca6009-1cf5-4329-9521-23480974c078 to queue and fire after 602059815ms
2016-01-02 01:09:39 DEBUG TimerCommandWDT:28 - Processing timer: f17cc5c4-7b1b-4b7a-a670-156c898fc030
2016-01-02 01:09:39 DEBUG TimerCommandWDT:28 - Processing timer: 4bca63b5-9dda-46b5-aecc-bab96a0027c2
2016-01-02 01:09:39 DEBUG TimerCommandWDT:33 - Readd f17cc5c4-7b1b-4b7a-a670-156c898fc030 to queue and fire after 600367812ms
2016-01-02 01:09:39 DEBUG TimerCommandWDT:28 - Processing timer: 617ffd8a-1785-4fd5-9953-eb03727dc4d0
2016-01-02 01:09:39 DEBUG TimerCommandWDT:33 - Readd 617ffd8a-1785-4fd5-9953-eb03727dc4d0 to queue and fire after 601892812ms
2016-01-02 01:09:39 DEBUG TimerCommandWDT:33 - Readd 4bca63b5-9dda-46b5-aecc-bab96a0027c2 to queue and fire after 602081812ms
2016-01-02 01:09:39 DEBUG TimerCommandWDT:28 - Processing timer: 8993a39d-1383-4e20-8031-44a37b357b00
2016-01-02 01:09:39 DEBUG TimerCommandWDT:28 - Processing timer: 95acba9e-f7d1-4da6-bcfd-0d8c9d3fbcc9
2016-01-02 01:09:39 DEBUG TimerCommandWDT:33 - Readd 8993a39d-1383-4e20-8031-44a37b357b00 to queue and fire after 601956812ms
2016-01-02 01:09:39 DEBUG TimerCommandWDT:33 - Readd 95acba9e-f7d1-4da6-bcfd-0d8c9d3fbcc9 to queue and fire after 602175812ms
2016-01-02 01:09:39 DEBUG TimerCommandWDT:28 - Processing timer: 781a406a-51ea-4682-8f9e-9921ebe8dc29
2016-01-02 01:09:39 DEBUG TimerCommandWDT:28 - Processing timer: f17cc5c4-7b1b-4b7a-a670-156c898fc030
2016-01-02 01:09:39 DEBUG TimerCommandWDT:33 - Readd f17cc5c4-7b1b-4b7a-a670-156c898fc030 to queue and fire after 600367808ms
2016-01-02 01:09:39 DEBUG TimerCommandWDT:28 - Processing timer: 617ffd8a-1785-4fd5-9953-eb03727dc4d0
2016-01-02 01:09:39 DEBUG TimerCommandWDT:33 - Readd 617ffd8a-1785-4fd5-9953-eb03727dc4d0 to queue and fire after 601892808ms
2016-01-02 01:09:39 DEBUG TimerCommandWDT:28 - Processing timer: 8993a39d-1383-4e20-8031-44a37b357b00
2016-01-02 01:09:39 DEBUG TimerCommandWDT:33 - Readd 8993a39d-1383-4e20-8031-44a37b357b00 to queue and fire after 601956808ms
2016-01-02 01:09:39 DEBUG TimerCommandWDT:28 - Processing timer: 781a406a-51ea-4682-8f9e-9921ebe8dc29
2016-01-02 01:09:39 DEBUG TimerCommandWDT:33 - Readd 781a406a-51ea-4682-8f9e-9921ebe8dc29 to queue and fire after 602006808ms
2016-01-02 01:09:39 DEBUG TimerCommandWDT:28 - Processing timer: eaca6009-1cf5-4329-9521-23480974c078
2016-01-02 01:09:39 DEBUG TimerCommandWDT:33 - Readd eaca6009-1cf5-4329-9521-23480974c078 to queue and fire after 602059808ms
2016-01-02 01:09:39 DEBUG TimerCommandWDT:28 - Processing timer: 4bca63b5-9dda-46b5-aecc-bab96a0027c2
2016-01-02 01:09:39 DEBUG TimerCommandWDT:33 - Readd 4bca63b5-9dda-46b5-aecc-bab96a0027c2 to queue and fire after 602081808ms
2016-01-02 01:09:39 DEBUG TimerCommandWDT:28 - Processing timer: 95acba9e-f7d1-4da6-bcfd-0d8c9d3fbcc9
2016-01-02 01:09:39 DEBUG TimerCommandWDT:33 - Readd 95acba9e-f7d1-4da6-bcfd-0d8c9d3fbcc9 to queue and fire after 602175808ms
2016-01-02 01:09:39 DEBUG TimerCommandWDT:28 - Processing timer: f41c5d5c-5b64-4fb5-8a10-bfd9b147e742
2016-01-02 01:09:39 DEBUG TimerCommandWDT:33 - Readd f41c5d5c-5b64-4fb5-8a10-bfd9b147e742 to queue and fire after 602199808ms
2016-01-02 01:09:39 DEBUG TimerCommandWDT:28 - Processing timer: c21837b8-6f17-4696-9ec7-df70f95e94de
2016-01-02 01:09:39 DEBUG TimerCommandWDT:33 - Readd c21837b8-6f17-4696-9ec7-df70f95e94de to queue and fire after 602290808ms
2016-01-02 01:09:39 DEBUG TimerCommandWDT:28 - Processing timer: ef48ee96-179f-48b5-bfcb-5f1f880cef4c
2016-01-02 01:09:39 DEBUG TimerCommandWDT:33 - Readd ef48ee96-179f-48b5-bfcb-5f1f880cef4c to queue and fire after 602333808ms
2016-01-02 01:09:39 DEBUG TimerCommandWDT:28 - Processing timer: f41c5d5c-5b64-4fb5-8a10-bfd9b147e742
2016-01-02 01:09:39 DEBUG TimerCommandWDT:28 - Processing timer: 60931bac-6d96-4205-8ef8-49b76b3f7bc2
2016-01-02 01:09:39 DEBUG TimerCommandWDT:33 - Readd 781a406a-51ea-4682-8f9e-9921ebe8dc29 to queue and fire after 602006808ms
2016-01-02 01:09:39 DEBUG TimerCommandWDT:33 - Readd 60931bac-6d96-4205-8ef8-49b76b3f7bc2 to queue and fire after 602354808ms
2016-01-02 01:09:39 DEBUG TimerCommandWDT:33 - Readd f41c5d5c-5b64-4fb5-8a10-bfd9b147e742 to queue and fire after 602199808ms
2016-01-02 01:09:39 DEBUG TimerCommandWDT:28 - Processing timer: 29767bca-96bf-4388-8864-bcc33ce3cb7b
2016-01-02 01:09:39 DEBUG TimerCommandWDT:28 - Processing timer: f17cc5c4-7b1b-4b7a-a670-156c898fc030
2016-01-02 01:09:39 DEBUG TimerCommandWDT:28 - Processing timer: eaca6009-1cf5-4329-9521-23480974c078
2016-01-02 01:09:39 DEBUG TimerCommandWDT:33 - Readd f17cc5c4-7b1b-4b7a-a670-156c898fc030 to queue and fire after 600367801ms
2016-01-02 01:09:39 DEBUG TimerCommandWDT:28 - Processing timer: 617ffd8a-1785-4fd5-9953-eb03727dc4d0
2016-01-02 01:09:39 DEBUG TimerCommandWDT:33 - Readd 617ffd8a-1785-4fd5-9953-eb03727dc4d0 to queue and fire after 601892801ms
2016-01-02 01:09:39 DEBUG TimerCommandWDT:28 - Processing timer: 8993a39d-1383-4e20-8031-44a37b357b00
2016-01-02 01:09:39 DEBUG TimerCommandWDT:33 - Readd 8993a39d-1383-4e20-8031-44a37b357b00 to queue and fire after 601956801ms
2016-01-02 01:09:39 DEBUG TimerCommandWDT:28 - Processing timer: 781a406a-51ea-4682-8f9e-9921ebe8dc29
2016-01-02 01:09:39 DEBUG TimerCommandWDT:33 - Readd 781a406a-51ea-4682-8f9e-9921ebe8dc29 to queue and fire after 602006801ms
2016-01-02 01:09:39 DEBUG TimerCommandWDT:33 - Readd 29767bca-96bf-4388-8864-bcc33ce3cb7b to queue and fire after 57801ms
2016-01-02 01:09:39 DEBUG TimerCommandWDT:28 - Processing timer: c21837b8-6f17-4696-9ec7-df70f95e94de
2016-01-02 01:09:39 DEBUG TimerCommandWDT:28 - Processing timer: f17cc5c4-7b1b-4b7a-a670-156c898fc030
2016-01-02 01:09:39 DEBUG TimerCommandWDT:28 - Processing timer: eaca6009-1cf5-4329-9521-23480974c078
2016-01-02 01:09:39 DEBUG TimerCommandWDT:33 - Readd eaca6009-1cf5-4329-9521-23480974c078 to queue and fire after 602059801ms
2016-01-02 01:09:39 DEBUG TimerCommandWDT:33 - Readd eaca6009-1cf5-4329-9521-23480974c078 to queue and fire after 602059795ms
2016-01-02 01:09:39 DEBUG TimerCommandWDT:33 - Readd f17cc5c4-7b1b-4b7a-a670-156c898fc030 to queue and fire after 600367795ms
2016-01-02 01:09:39 DEBUG TimerCommandWDT:33 - Readd c21837b8-6f17-4696-9ec7-df70f95e94de to queue and fire after 602290795ms
2016-01-02 01:09:39 DEBUG TimerCommandWDT:28 - Processing timer: 617ffd8a-1785-4fd5-9953-eb03727dc4d0
2016-01-02 01:09:39 DEBUG TimerCommandWDT:28 - Processing timer: 4bca63b5-9dda-46b5-aecc-bab96a0027c2
2016-01-02 01:09:39 DEBUG TimerCommandWDT:28 - Processing timer: 4bca63b5-9dda-46b5-aecc-bab96a0027c2
2016-01-02 01:09:39 DEBUG TimerCommandWDT:33 - Readd 4bca63b5-9dda-46b5-aecc-bab96a0027c2 to queue and fire after 602081795ms
2016-01-02 01:09:39 DEBUG TimerCommandWDT:33 - Readd 617ffd8a-1785-4fd5-9953-eb03727dc4d0 to queue and fire after 601892795ms
2016-01-02 01:09:39 DEBUG TimerCommandWDT:28 - Processing timer: ef48ee96-179f-48b5-bfcb-5f1f880cef4c
2016-01-02 01:09:39 DEBUG TimerCommandWDT:28 - Processing timer: 8993a39d-1383-4e20-8031-44a37b357b00
2016-01-02 01:09:39 DEBUG TimerCommandWDT:33 - Readd 8993a39d-1383-4e20-8031-44a37b357b00 to queue and fire after 601956795ms
2016-01-02 01:09:39 DEBUG TimerCommandWDT:28 - Processing timer: 95acba9e-f7d1-4da6-bcfd-0d8c9d3fbcc9
2016-01-02 01:09:39 DEBUG TimerCommandWDT:33 - Readd 4bca63b5-9dda-46b5-aecc-bab96a0027c2 to queue and fire after 602081795ms
2016-01-02 01:09:39 DEBUG TimerCommandWDT:33 - Readd 95acba9e-f7d1-4da6-bcfd-0d8c9d3fbcc9 to queue and fire after 602175795ms
2016-01-02 01:09:39 DEBUG TimerCommandWDT:28 - Processing timer: 781a406a-51ea-4682-8f9e-9921ebe8dc29
2016-01-02 01:09:39 DEBUG TimerCommandWDT:33 - Readd ef48ee96-179f-48b5-bfcb-5f1f880cef4c to queue and fire after 602333795ms
2016-01-02 01:09:39 DEBUG TimerCommandWDT:28 - Processing timer: f41c5d5c-5b64-4fb5-8a10-bfd9b147e742
2016-01-02 01:09:39 DEBUG TimerCommandWDT:33 - Readd 781a406a-51ea-4682-8f9e-9921ebe8dc29 to queue and fire after 602006795ms
2016-01-02 01:09:39 DEBUG TimerCommandWDT:28 - Processing timer: 95acba9e-f7d1-4da6-bcfd-0d8c9d3fbcc9
2016-01-02 01:09:39 DEBUG TimerCommandWDT:33 - Readd f41c5d5c-5b64-4fb5-8a10-bfd9b147e742 to queue and fire after 602199795ms
2016-01-02 01:09:39 DEBUG TimerCommandWDT:28 - Processing timer: eaca6009-1cf5-4329-9521-23480974c078
2016-01-02 01:09:39 DEBUG TimerCommandWDT:28 - Processing timer: 60931bac-6d96-4205-8ef8-49b76b3f7bc2
2016-01-02 01:09:39 DEBUG TimerCommandWDT:33 - Readd 60931bac-6d96-4205-8ef8-49b76b3f7bc2 to queue and fire after 602354795ms
2016-01-02 01:09:39 DEBUG TimerCommandWDT:28 - Processing timer: c21837b8-6f17-4696-9ec7-df70f95e94de
2016-01-02 01:09:39 DEBUG TimerCommandWDT:33 - Readd eaca6009-1cf5-4329-9521-23480974c078 to queue and fire after 602059795ms
2016-01-02 01:09:39 DEBUG TimerCommandWDT:33 - Readd 95acba9e-f7d1-4da6-bcfd-0d8c9d3fbcc9 to queue and fire after 602175795ms
2016-01-02 01:09:39 DEBUG TimerCommandWDT:33 - Readd c21837b8-6f17-4696-9ec7-df70f95e94de to queue and fire after 602290795ms
2016-01-02 01:09:39 DEBUG TimerCommandWDT:28 - Processing timer: 4bca63b5-9dda-46b5-aecc-bab96a0027c2
2016-01-02 01:09:39 DEBUG TimerCommandWDT:28 - Processing timer: 29767bca-96bf-4388-8864-bcc33ce3cb7b
2016-01-02 01:09:39 DEBUG TimerCommandWDT:33 - Readd 4bca63b5-9dda-46b5-aecc-bab96a0027c2 to queue and fire after 602081795ms
2016-01-02 01:09:39 DEBUG TimerCommandWDT:28 - Processing timer: f41c5d5c-5b64-4fb5-8a10-bfd9b147e742
2016-01-02 01:09:39 DEBUG TimerCommandWDT:28 - Processing timer: ef48ee96-179f-48b5-bfcb-5f1f880cef4c
2016-01-02 01:09:39 DEBUG TimerCommandWDT:28 - Processing timer: 95acba9e-f7d1-4da6-bcfd-0d8c9d3fbcc9
2016-01-02 01:09:39 DEBUG TimerCommandWDT:33 - Readd 29767bca-96bf-4388-8864-bcc33ce3cb7b to queue and fire after 57795ms
2016-01-02 01:09:39 DEBUG TimerCommandWDT:33 - Readd 95acba9e-f7d1-4da6-bcfd-0d8c9d3fbcc9 to queue and fire after 602175795ms
2016-01-02 01:09:39 DEBUG TimerCommandWDT:33 - Readd f41c5d5c-5b64-4fb5-8a10-bfd9b147e742 to queue and fire after 602199795ms
2016-01-02 01:09:39 DEBUG TimerCommandWDT:28 - Processing timer: c21837b8-6f17-4696-9ec7-df70f95e94de
2016-01-02 01:09:39 DEBUG TimerCommandWDT:33 - Readd c21837b8-6f17-4696-9ec7-df70f95e94de to queue and fire after 602290795ms
2016-01-02 01:09:39 DEBUG TimerCommandWDT:28 - Processing timer: ef48ee96-179f-48b5-bfcb-5f1f880cef4c
2016-01-02 01:09:39 DEBUG TimerCommandWDT:28 - Processing timer: f41c5d5c-5b64-4fb5-8a10-bfd9b147e742
2016-01-02 01:09:39 DEBUG TimerCommandWDT:33 - Readd f41c5d5c-5b64-4fb5-8a10-bfd9b147e742 to queue and fire after 602199795ms
2016-01-02 01:09:39 DEBUG TimerCommandWDT:28 - Processing timer: c21837b8-6f17-4696-9ec7-df70f95e94de
2016-01-02 01:09:39 DEBUG TimerCommandWDT:33 - Readd c21837b8-6f17-4696-9ec7-df70f95e94de to queue and fire after 602290795ms
2016-01-02 01:09:39 DEBUG TimerCommandWDT:28 - Processing timer: ef48ee96-179f-48b5-bfcb-5f1f880cef4c
2016-01-02 01:09:39 DEBUG TimerCommandWDT:33 - Readd ef48ee96-179f-48b5-bfcb-5f1f880cef4c to queue and fire after 602333795ms
2016-01-02 01:09:39 DEBUG TimerCommandWDT:28 - Processing timer: 60931bac-6d96-4205-8ef8-49b76b3f7bc2
2016-01-02 01:09:39 DEBUG TimerCommandWDT:33 - Readd 60931bac-6d96-4205-8ef8-49b76b3f7bc2 to queue and fire after 602354795ms
2016-01-02 01:09:39 DEBUG TimerCommandWDT:28 - Processing timer: 29767bca-96bf-4388-8864-bcc33ce3cb7b
2016-01-02 01:09:39 DEBUG TimerCommandWDT:33 - Readd 29767bca-96bf-4388-8864-bcc33ce3cb7b to queue and fire after 57795ms
2016-01-02 01:09:39 DEBUG TimerCommandWDT:33 - Readd ef48ee96-179f-48b5-bfcb-5f1f880cef4c to queue and fire after 602333795ms
2016-01-02 01:09:39 DEBUG TimerCommandWDT:28 - Processing timer: 60931bac-6d96-4205-8ef8-49b76b3f7bc2
2016-01-02 01:09:39 DEBUG TimerCommandWDT:33 - Readd ef48ee96-179f-48b5-bfcb-5f1f880cef4c to queue and fire after 602333795ms
2016-01-02 01:09:39 DEBUG TimerCommandWDT:28 - Processing timer: 60931bac-6d96-4205-8ef8-49b76b3f7bc2
2016-01-02 01:09:39 DEBUG TimerCommandWDT:33 - Readd 60931bac-6d96-4205-8ef8-49b76b3f7bc2 to queue and fire after 602354795ms
2016-01-02 01:09:39 DEBUG TimerCommandWDT:28 - Processing timer: 29767bca-96bf-4388-8864-bcc33ce3cb7b
2016-01-02 01:09:39 DEBUG TimerCommandWDT:33 - Readd 29767bca-96bf-4388-8864-bcc33ce3cb7b to queue and fire after 57795ms
2016-01-02 01:09:39 DEBUG TimerCommandWDT:33 - Readd 60931bac-6d96-4205-8ef8-49b76b3f7bc2 to queue and fire after 602354795ms
2016-01-02 01:09:39 DEBUG TimerCommandWDT:28 - Processing timer: 29767bca-96bf-4388-8864-bcc33ce3cb7b
2016-01-02 01:09:39 DEBUG TimerCommandWDT:33 - Readd 29767bca-96bf-4388-8864-bcc33ce3cb7b to queue and fire after 57795ms
2016-01-02 01:09:39 INFO  DisruptorHandler:19 - Init Disruptor with 512 slot(s)
2016-01-02 01:09:39 INFO  DisruptorHandler:38 - Disruptor started
2016-01-02 01:09:39 DEBUG TimerCommandWDT:28 - Processing timer: 29767bca-96bf-4388-8864-bcc33ce3cb7b
2016-01-02 01:09:39 DEBUG TimerCommandWDT:33 - Readd 29767bca-96bf-4388-8864-bcc33ce3cb7b to queue and fire after 57113ms
2016-01-02 01:09:40 DEBUG TimerCommandWDT:28 - Processing timer: 29767bca-96bf-4388-8864-bcc33ce3cb7b
2016-01-02 01:09:40 DEBUG TimerCommandWDT:33 - Readd 29767bca-96bf-4388-8864-bcc33ce3cb7b to queue and fire after 56921ms
2016-01-02 01:09:40 DEBUG TimerCommandWDT:28 - Processing timer: 29767bca-96bf-4388-8864-bcc33ce3cb7b
2016-01-02 01:09:40 DEBUG TimerCommandWDT:33 - Readd 29767bca-96bf-4388-8864-bcc33ce3cb7b to queue and fire after 56795ms
2016-01-02 01:09:40 DEBUG TimerCommandWDT:28 - Processing timer: 29767bca-96bf-4388-8864-bcc33ce3cb7b
2016-01-02 01:09:40 DEBUG TimerCommandWDT:33 - Readd 29767bca-96bf-4388-8864-bcc33ce3cb7b to queue and fire after 56778ms
2016-01-02 01:09:40 DEBUG TimerCommandWDT:28 - Processing timer: 29767bca-96bf-4388-8864-bcc33ce3cb7b
2016-01-02 01:09:40 DEBUG TimerCommandWDT:33 - Readd 29767bca-96bf-4388-8864-bcc33ce3cb7b to queue and fire after 56774ms
2016-01-02 01:09:40 DEBUG TimerCommandWDT:28 - Processing timer: 29767bca-96bf-4388-8864-bcc33ce3cb7b
2016-01-02 01:09:40 DEBUG TimerCommandWDT:33 - Readd 29767bca-96bf-4388-8864-bcc33ce3cb7b to queue and fire after 56772ms
2016-01-02 01:09:40 DEBUG TimerCommandWDT:28 - Processing timer: 29767bca-96bf-4388-8864-bcc33ce3cb7b
2016-01-02 01:09:40 DEBUG TimerCommandWDT:33 - Readd 29767bca-96bf-4388-8864-bcc33ce3cb7b to queue and fire after 56771ms
2016-01-02 01:09:40 DEBUG TimerCommandWDT:28 - Processing timer: 29767bca-96bf-4388-8864-bcc33ce3cb7b
2016-01-02 01:09:40 DEBUG TimerCommandWDT:33 - Readd 29767bca-96bf-4388-8864-bcc33ce3cb7b to queue and fire after 56492ms
2016-01-02 01:09:41 DEBUG TimerCommandWDT:28 - Processing timer: 29767bca-96bf-4388-8864-bcc33ce3cb7b
2016-01-02 01:09:41 DEBUG TimerCommandWDT:33 - Readd 29767bca-96bf-4388-8864-bcc33ce3cb7b to queue and fire after 55611ms
2016-01-02 01:09:41 DEBUG TimerCommandWDT:28 - Processing timer: 29767bca-96bf-4388-8864-bcc33ce3cb7b
2016-01-02 01:09:41 DEBUG TimerCommandWDT:33 - Readd 29767bca-96bf-4388-8864-bcc33ce3cb7b to queue and fire after 55491ms
2016-01-02 01:09:41 DEBUG TimerCommandWDT:28 - Processing timer: 29767bca-96bf-4388-8864-bcc33ce3cb7b
2016-01-02 01:09:41 DEBUG TimerCommandWDT:33 - Readd 29767bca-96bf-4388-8864-bcc33ce3cb7b to queue and fire after 55419ms
2016-01-02 01:09:41 DEBUG TimerCommandWDT:28 - Processing timer: 29767bca-96bf-4388-8864-bcc33ce3cb7b
2016-01-02 01:09:41 DEBUG TimerCommandWDT:33 - Readd 29767bca-96bf-4388-8864-bcc33ce3cb7b to queue and fire after 55293ms
2016-01-02 01:09:41 DEBUG TimerCommandWDT:28 - Processing timer: 29767bca-96bf-4388-8864-bcc33ce3cb7b
2016-01-02 01:09:41 DEBUG TimerCommandWDT:33 - Readd 29767bca-96bf-4388-8864-bcc33ce3cb7b to queue and fire after 55275ms
2016-01-02 01:09:41 DEBUG TimerCommandWDT:28 - Processing timer: 29767bca-96bf-4388-8864-bcc33ce3cb7b
2016-01-02 01:09:41 DEBUG TimerCommandWDT:33 - Readd 29767bca-96bf-4388-8864-bcc33ce3cb7b to queue and fire after 55273ms
2016-01-02 01:09:41 DEBUG TimerCommandWDT:28 - Processing timer: 29767bca-96bf-4388-8864-bcc33ce3cb7b
2016-01-02 01:09:41 DEBUG TimerCommandWDT:33 - Readd 29767bca-96bf-4388-8864-bcc33ce3cb7b to queue and fire after 55271ms
2016-01-02 01:09:41 DEBUG TimerCommandWDT:28 - Processing timer: 29767bca-96bf-4388-8864-bcc33ce3cb7b
2016-01-02 01:09:41 DEBUG TimerCommandWDT:33 - Readd 29767bca-96bf-4388-8864-bcc33ce3cb7b to queue and fire after 55270ms
2016-01-02 01:10:52 INFO  DisruptorHandler:19 - Init Disruptor with 512 slot(s)
2016-01-02 01:10:52 INFO  DisruptorHandler:38 - Disruptor started
2016-01-02 01:10:52 INFO  DisruptorHandler:19 - Init Disruptor with 512 slot(s)
2016-01-02 01:10:52 INFO  DisruptorHandler:38 - Disruptor started
2016-01-02 01:10:53 INFO  DisruptorHandler:19 - Init Disruptor with 512 slot(s)
2016-01-02 01:10:53 INFO  DisruptorHandler:38 - Disruptor started
2016-01-02 01:10:54 INFO  DisruptorHandler:19 - Init Disruptor with 512 slot(s)
2016-01-02 01:10:54 INFO  DisruptorHandler:38 - Disruptor started
2016-01-02 01:10:54 DEBUG TimerCommandService:236 - Get and remove but not found ed212f39-4204-42bb-ba16-bf7e44ecacca
2016-01-02 01:10:55 INFO  DisruptorHandler:19 - Init Disruptor with 512 slot(s)
2016-01-02 01:10:55 INFO  DisruptorHandler:38 - Disruptor started
2016-01-02 01:10:55 INFO  DisruptorHandler:19 - Init Disruptor with 512 slot(s)
2016-01-02 01:10:55 INFO  DisruptorHandler:38 - Disruptor started
2016-01-02 01:10:55 INFO  DisruptorHandler:19 - Init Disruptor with 512 slot(s)
2016-01-02 01:10:55 INFO  DisruptorHandler:38 - Disruptor started
2016-01-02 01:10:55 INFO  DisruptorHandler:19 - Init Disruptor with 512 slot(s)
2016-01-02 01:10:55 INFO  DisruptorHandler:38 - Disruptor started
2016-01-02 01:10:55 INFO  DisruptorHandler:19 - Init Disruptor with 512 slot(s)
2016-01-02 01:10:56 INFO  DisruptorHandler:38 - Disruptor started
2016-01-02 01:10:58 INFO  DisruptorHandler:19 - Init Disruptor with 512 slot(s)
2016-01-02 01:10:58 INFO  DisruptorHandler:38 - Disruptor started
2016-01-02 01:12:34 INFO  DisruptorHandler:19 - Init Disruptor with 512 slot(s)
2016-01-02 01:12:34 INFO  DisruptorHandler:38 - Disruptor started
2016-01-02 01:12:37 INFO  DisruptorHandler:19 - Init Disruptor with 512 slot(s)
2016-01-02 01:12:37 INFO  DisruptorHandler:38 - Disruptor started
2016-01-02 01:12:38 INFO  DisruptorHandler:19 - Init Disruptor with 512 slot(s)
2016-01-02 01:12:38 INFO  DisruptorHandler:38 - Disruptor started
2016-01-02 01:12:40 INFO  DisruptorHandler:19 - Init Disruptor with 512 slot(s)
2016-01-02 01:12:40 INFO  DisruptorHandler:38 - Disruptor started
2016-01-02 01:12:40 INFO  DisruptorHandler:19 - Init Disruptor with 512 slot(s)
2016-01-02 01:12:40 INFO  DisruptorHandler:38 - Disruptor started
2016-01-02 01:12:40 INFO  DisruptorHandler:19 - Init Disruptor with 512 slot(s)
2016-01-02 01:12:40 INFO  DisruptorHandler:38 - Disruptor started
2016-01-02 01:12:40 INFO  DisruptorHandler:19 - Init Disruptor with 512 slot(s)
2016-01-02 01:12:40 INFO  DisruptorHandler:38 - Disruptor started
2016-01-02 01:12:40 INFO  DisruptorHandler:19 - Init Disruptor with 512 slot(s)
2016-01-02 01:12:40 INFO  DisruptorHandler:38 - Disruptor started
2016-01-02 01:12:41 INFO  DisruptorHandler:19 - Init Disruptor with 512 slot(s)
2016-01-02 01:12:42 INFO  DisruptorHandler:38 - Disruptor started
2016-01-02 01:12:43 INFO  DisruptorHandler:19 - Init Disruptor with 512 slot(s)
2016-01-02 01:12:43 INFO  DisruptorHandler:38 - Disruptor started
2016-01-02 01:13:10 INFO  DisruptorHandler:19 - Init Disruptor with 512 slot(s)
2016-01-02 01:13:11 INFO  DisruptorHandler:38 - Disruptor started
2016-01-02 01:13:12 INFO  DisruptorHandler:19 - Init Disruptor with 512 slot(s)
2016-01-02 01:13:12 INFO  DisruptorHandler:38 - Disruptor started
2016-01-02 01:13:14 INFO  DisruptorHandler:19 - Init Disruptor with 512 slot(s)
2016-01-02 01:13:14 INFO  DisruptorHandler:38 - Disruptor started
2016-01-02 01:13:14 INFO  DisruptorHandler:19 - Init Disruptor with 512 slot(s)
2016-01-02 01:13:14 INFO  DisruptorHandler:38 - Disruptor started
2016-01-02 01:13:15 INFO  DisruptorHandler:19 - Init Disruptor with 512 slot(s)
2016-01-02 01:13:15 INFO  DisruptorHandler:38 - Disruptor started
2016-01-02 01:13:15 INFO  DisruptorHandler:19 - Init Disruptor with 512 slot(s)
2016-01-02 01:13:15 INFO  DisruptorHandler:38 - Disruptor started
2016-01-02 01:13:16 INFO  DisruptorHandler:19 - Init Disruptor with 512 slot(s)
2016-01-02 01:13:16 INFO  DisruptorHandler:38 - Disruptor started
2016-01-02 01:13:16 INFO  DisruptorHandler:19 - Init Disruptor with 512 slot(s)
2016-01-02 01:13:16 INFO  DisruptorHandler:38 - Disruptor started
2016-01-02 01:13:16 INFO  DisruptorHandler:19 - Init Disruptor with 512 slot(s)
2016-01-02 01:13:16 INFO  DisruptorHandler:38 - Disruptor started
2016-01-02 01:13:16 INFO  DisruptorHandler:19 - Init Disruptor with 512 slot(s)
2016-01-02 01:13:16 INFO  DisruptorHandler:38 - Disruptor started
2016-01-02 01:16:43 INFO  DisruptorHandler:19 - Init Disruptor with 512 slot(s)
2016-01-02 01:16:43 INFO  DisruptorHandler:38 - Disruptor started
2016-01-02 01:16:44 INFO  DisruptorHandler:19 - Init Disruptor with 512 slot(s)
2016-01-02 01:16:44 INFO  DisruptorHandler:38 - Disruptor started
2016-01-02 01:16:45 INFO  DisruptorHandler:19 - Init Disruptor with 512 slot(s)
2016-01-02 01:16:45 INFO  DisruptorHandler:38 - Disruptor started
2016-01-02 01:16:46 INFO  DisruptorHandler:19 - Init Disruptor with 512 slot(s)
2016-01-02 01:16:46 INFO  DisruptorHandler:38 - Disruptor started
2016-01-02 01:16:47 INFO  DisruptorHandler:19 - Init Disruptor with 512 slot(s)
2016-01-02 01:16:47 INFO  DisruptorHandler:38 - Disruptor started
2016-01-02 01:16:47 INFO  DisruptorHandler:19 - Init Disruptor with 512 slot(s)
2016-01-02 01:16:47 INFO  DisruptorHandler:38 - Disruptor started
2016-01-02 01:16:47 INFO  DisruptorHandler:19 - Init Disruptor with 512 slot(s)
2016-01-02 01:16:47 INFO  DisruptorHandler:38 - Disruptor started
2016-01-02 01:16:47 INFO  DisruptorHandler:19 - Init Disruptor with 512 slot(s)
2016-01-02 01:16:47 INFO  DisruptorHandler:38 - Disruptor started
2016-01-02 01:16:47 INFO  DisruptorHandler:19 - Init Disruptor with 512 slot(s)
2016-01-02 01:16:47 INFO  DisruptorHandler:38 - Disruptor started
2016-01-02 01:16:49 INFO  DisruptorHandler:19 - Init Disruptor with 512 slot(s)
2016-01-02 01:16:49 INFO  DisruptorHandler:38 - Disruptor started
2016-01-02 01:18:54 INFO  DisruptorHandler:19 - Init Disruptor with 512 slot(s)
2016-01-02 01:18:54 INFO  DisruptorHandler:38 - Disruptor started
2016-01-02 01:18:54 INFO  DisruptorHandler:19 - Init Disruptor with 512 slot(s)
2016-01-02 01:18:54 INFO  DisruptorHandler:38 - Disruptor started
2016-01-02 01:18:56 INFO  DisruptorHandler:19 - Init Disruptor with 512 slot(s)
2016-01-02 01:18:56 INFO  DisruptorHandler:38 - Disruptor started
2016-01-02 01:18:56 INFO  DisruptorHandler:19 - Init Disruptor with 512 slot(s)
2016-01-02 01:18:56 INFO  DisruptorHandler:38 - Disruptor started
2016-01-02 01:18:56 DEBUG TimerCommandService:236 - Get and remove but not found 5f0320ab-6e1a-4884-86fa-357633d7d337
2016-01-02 01:18:57 INFO  DisruptorHandler:19 - Init Disruptor with 512 slot(s)
2016-01-02 01:18:57 INFO  DisruptorHandler:38 - Disruptor started
2016-01-02 01:18:57 INFO  DisruptorHandler:19 - Init Disruptor with 512 slot(s)
2016-01-02 01:18:57 INFO  DisruptorHandler:38 - Disruptor started
2016-01-02 01:18:57 INFO  DisruptorHandler:19 - Init Disruptor with 512 slot(s)
2016-01-02 01:18:57 INFO  DisruptorHandler:38 - Disruptor started
2016-01-02 01:18:57 INFO  DisruptorHandler:19 - Init Disruptor with 512 slot(s)
2016-01-02 01:18:57 INFO  DisruptorHandler:38 - Disruptor started
2016-01-02 01:18:57 INFO  DisruptorHandler:19 - Init Disruptor with 512 slot(s)
2016-01-02 01:18:57 INFO  DisruptorHandler:38 - Disruptor started
2016-01-02 01:18:59 INFO  DisruptorHandler:19 - Init Disruptor with 512 slot(s)
2016-01-02 01:18:59 INFO  DisruptorHandler:38 - Disruptor started
2016-01-02 01:19:24 INFO  DisruptorHandler:19 - Init Disruptor with 512 slot(s)
2016-01-02 01:19:25 INFO  DisruptorHandler:38 - Disruptor started
2016-01-02 01:19:27 INFO  DisruptorHandler:19 - Init Disruptor with 512 slot(s)
2016-01-02 01:19:27 INFO  DisruptorHandler:38 - Disruptor started
2016-01-02 01:19:28 INFO  DisruptorHandler:19 - Init Disruptor with 512 slot(s)
2016-01-02 01:19:28 INFO  DisruptorHandler:38 - Disruptor started
2016-01-02 01:19:30 INFO  DisruptorHandler:19 - Init Disruptor with 512 slot(s)
2016-01-02 01:19:30 INFO  DisruptorHandler:38 - Disruptor started
2016-01-02 01:19:30 INFO  DisruptorHandler:19 - Init Disruptor with 512 slot(s)
2016-01-02 01:19:30 INFO  DisruptorHandler:38 - Disruptor started
2016-01-02 01:19:30 INFO  DisruptorHandler:19 - Init Disruptor with 512 slot(s)
2016-01-02 01:19:30 INFO  DisruptorHandler:38 - Disruptor started
2016-01-02 01:19:30 INFO  DisruptorHandler:19 - Init Disruptor with 512 slot(s)
2016-01-02 01:19:30 INFO  DisruptorHandler:38 - Disruptor started
2016-01-02 01:19:30 INFO  DisruptorHandler:19 - Init Disruptor with 512 slot(s)
2016-01-02 01:19:30 INFO  DisruptorHandler:38 - Disruptor started
2016-01-02 01:19:31 INFO  DisruptorHandler:19 - Init Disruptor with 512 slot(s)
2016-01-02 01:19:31 INFO  DisruptorHandler:38 - Disruptor started
2016-01-02 01:19:32 INFO  DisruptorHandler:19 - Init Disruptor with 512 slot(s)
2016-01-02 01:19:32 INFO  DisruptorHandler:38 - Disruptor started
2016-01-02 01:20:57 INFO  DisruptorHandler:19 - Init Disruptor with 512 slot(s)
2016-01-02 01:20:58 INFO  DisruptorHandler:38 - Disruptor started
2016-01-02 01:21:00 INFO  DisruptorHandler:19 - Init Disruptor with 512 slot(s)
2016-01-02 01:21:00 INFO  DisruptorHandler:38 - Disruptor started
2016-01-02 01:21:00 INFO  DisruptorHandler:19 - Init Disruptor with 512 slot(s)
2016-01-02 01:21:00 INFO  DisruptorHandler:38 - Disruptor started
2016-01-02 01:21:02 INFO  DisruptorHandler:19 - Init Disruptor with 512 slot(s)
2016-01-02 01:21:02 INFO  DisruptorHandler:38 - Disruptor started
2016-01-02 01:21:02 INFO  DisruptorHandler:19 - Init Disruptor with 512 slot(s)
2016-01-02 01:21:02 INFO  DisruptorHandler:38 - Disruptor started
2016-01-02 01:21:02 INFO  DisruptorHandler:19 - Init Disruptor with 512 slot(s)
2016-01-02 01:21:02 INFO  DisruptorHandler:38 - Disruptor started
2016-01-02 01:21:02 INFO  DisruptorHandler:19 - Init Disruptor with 512 slot(s)
2016-01-02 01:21:02 INFO  DisruptorHandler:38 - Disruptor started
2016-01-02 01:21:02 INFO  DisruptorHandler:19 - Init Disruptor with 512 slot(s)
2016-01-02 01:21:02 INFO  DisruptorHandler:38 - Disruptor started
2016-01-02 01:21:02 INFO  DisruptorHandler:19 - Init Disruptor with 512 slot(s)
2016-01-02 01:21:02 INFO  DisruptorHandler:38 - Disruptor started
2016-01-02 01:21:03 INFO  DisruptorHandler:19 - Init Disruptor with 512 slot(s)
2016-01-02 01:21:03 INFO  DisruptorHandler:38 - Disruptor started
2016-01-02 01:21:28 INFO  DisruptorHandler:19 - Init Disruptor with 512 slot(s)
2016-01-02 01:21:28 INFO  DisruptorHandler:38 - Disruptor started
2016-01-02 01:21:30 INFO  DisruptorHandler:19 - Init Disruptor with 512 slot(s)
2016-01-02 01:21:30 INFO  DisruptorHandler:38 - Disruptor started
2016-01-02 01:21:32 INFO  DisruptorHandler:19 - Init Disruptor with 512 slot(s)
2016-01-02 01:21:32 INFO  DisruptorHandler:38 - Disruptor started
2016-01-02 01:21:33 INFO  DisruptorHandler:19 - Init Disruptor with 512 slot(s)
2016-01-02 01:21:33 INFO  DisruptorHandler:38 - Disruptor started
2016-01-02 01:21:35 DEBUG TimerCommandService:236 - Get and remove but not found 5c53b871-b40d-4554-b65a-a20c96a1c827
2016-01-02 01:21:36 INFO  DisruptorHandler:19 - Init Disruptor with 512 slot(s)
2016-01-02 01:21:36 INFO  DisruptorHandler:38 - Disruptor started
2016-01-02 01:21:36 INFO  DisruptorHandler:19 - Init Disruptor with 512 slot(s)
2016-01-02 01:21:36 INFO  DisruptorHandler:38 - Disruptor started
2016-01-02 01:21:36 INFO  DisruptorHandler:19 - Init Disruptor with 512 slot(s)
2016-01-02 01:21:36 INFO  DisruptorHandler:38 - Disruptor started
2016-01-02 01:21:36 INFO  DisruptorHandler:19 - Init Disruptor with 512 slot(s)
2016-01-02 01:21:36 INFO  DisruptorHandler:38 - Disruptor started
2016-01-02 01:21:36 INFO  DisruptorHandler:19 - Init Disruptor with 512 slot(s)
2016-01-02 01:21:36 INFO  DisruptorHandler:38 - Disruptor started
2016-01-02 01:21:37 INFO  DisruptorHandler:19 - Init Disruptor with 512 slot(s)
2016-01-02 01:21:38 INFO  DisruptorHandler:38 - Disruptor started
2016-01-02 01:24:53 INFO  DisruptorHandler:19 - Init Disruptor with 512 slot(s)
2016-01-02 01:24:53 INFO  DisruptorHandler:38 - Disruptor started
2016-01-02 01:24:54 INFO  DisruptorHandler:19 - Init Disruptor with 512 slot(s)
2016-01-02 01:24:54 INFO  DisruptorHandler:38 - Disruptor started
2016-01-02 01:24:55 INFO  DisruptorHandler:19 - Init Disruptor with 512 slot(s)
2016-01-02 01:24:55 INFO  DisruptorHandler:38 - Disruptor started
2016-01-02 01:24:56 INFO  DisruptorHandler:19 - Init Disruptor with 512 slot(s)
2016-01-02 01:24:56 INFO  DisruptorHandler:38 - Disruptor started
2016-01-02 01:24:56 INFO  DisruptorHandler:19 - Init Disruptor with 512 slot(s)
2016-01-02 01:24:56 INFO  DisruptorHandler:38 - Disruptor started
2016-01-02 01:24:56 INFO  DisruptorHandler:19 - Init Disruptor with 512 slot(s)
2016-01-02 01:24:56 INFO  DisruptorHandler:38 - Disruptor started
2016-01-02 01:24:56 INFO  DisruptorHandler:19 - Init Disruptor with 512 slot(s)
2016-01-02 01:24:56 INFO  DisruptorHandler:38 - Disruptor started
2016-01-02 01:24:56 INFO  DisruptorHandler:19 - Init Disruptor with 512 slot(s)
2016-01-02 01:24:56 INFO  DisruptorHandler:38 - Disruptor started
2016-01-02 01:24:56 INFO  DisruptorHandler:19 - Init Disruptor with 512 slot(s)
2016-01-02 01:24:56 INFO  DisruptorHandler:38 - Disruptor started
2016-01-02 01:24:57 INFO  DisruptorHandler:19 - Init Disruptor with 512 slot(s)
2016-01-02 01:24:57 INFO  DisruptorHandler:38 - Disruptor started
2016-01-02 01:26:07 INFO  DisruptorHandler:19 - Init Disruptor with 512 slot(s)
2016-01-02 01:26:07 INFO  DisruptorHandler:38 - Disruptor started
2016-01-02 01:26:07 INFO  DisruptorHandler:19 - Init Disruptor with 512 slot(s)
2016-01-02 01:26:07 INFO  DisruptorHandler:38 - Disruptor started
2016-01-02 01:26:09 INFO  DisruptorHandler:19 - Init Disruptor with 512 slot(s)
2016-01-02 01:26:09 INFO  DisruptorHandler:38 - Disruptor started
2016-01-02 01:26:09 INFO  DisruptorHandler:19 - Init Disruptor with 512 slot(s)
2016-01-02 01:26:09 INFO  DisruptorHandler:38 - Disruptor started
2016-01-02 01:26:10 INFO  DisruptorHandler:19 - Init Disruptor with 512 slot(s)
2016-01-02 01:26:10 INFO  DisruptorHandler:38 - Disruptor started
2016-01-02 01:26:10 INFO  DisruptorHandler:19 - Init Disruptor with 512 slot(s)
2016-01-02 01:26:10 INFO  DisruptorHandler:38 - Disruptor started
2016-01-02 01:26:10 INFO  DisruptorHandler:19 - Init Disruptor with 512 slot(s)
2016-01-02 01:26:10 INFO  DisruptorHandler:38 - Disruptor started
2016-01-02 01:26:10 INFO  DisruptorHandler:19 - Init Disruptor with 512 slot(s)
2016-01-02 01:26:10 INFO  DisruptorHandler:38 - Disruptor started
2016-01-02 01:26:10 INFO  DisruptorHandler:19 - Init Disruptor with 512 slot(s)
2016-01-02 01:26:10 INFO  DisruptorHandler:38 - Disruptor started
2016-01-02 01:26:12 INFO  DisruptorHandler:19 - Init Disruptor with 512 slot(s)
2016-01-02 01:26:12 INFO  DisruptorHandler:38 - Disruptor started
2016-01-02 01:26:45 INFO  DisruptorHandler:19 - Init Disruptor with 512 slot(s)
2016-01-02 01:26:45 INFO  DisruptorHandler:38 - Disruptor started
2016-01-02 01:26:46 INFO  DisruptorHandler:19 - Init Disruptor with 512 slot(s)
2016-01-02 01:26:46 INFO  DisruptorHandler:38 - Disruptor started
2016-01-02 01:26:47 INFO  DisruptorHandler:19 - Init Disruptor with 512 slot(s)
2016-01-02 01:26:47 INFO  DisruptorHandler:38 - Disruptor started
2016-01-02 01:26:47 INFO  DisruptorHandler:19 - Init Disruptor with 512 slot(s)
2016-01-02 01:26:47 INFO  DisruptorHandler:38 - Disruptor started
2016-01-02 01:26:48 INFO  DisruptorHandler:19 - Init Disruptor with 512 slot(s)
2016-01-02 01:26:48 INFO  DisruptorHandler:38 - Disruptor started
2016-01-02 01:26:48 INFO  DisruptorHandler:19 - Init Disruptor with 512 slot(s)
2016-01-02 01:26:48 INFO  DisruptorHandler:38 - Disruptor started
2016-01-02 01:26:48 INFO  DisruptorHandler:19 - Init Disruptor with 512 slot(s)
2016-01-02 01:26:48 INFO  DisruptorHandler:38 - Disruptor started
2016-01-02 01:26:48 INFO  DisruptorHandler:19 - Init Disruptor with 512 slot(s)
2016-01-02 01:26:48 INFO  DisruptorHandler:38 - Disruptor started
2016-01-02 01:27:45 INFO  DisruptorHandler:19 - Init Disruptor with 512 slot(s)
2016-01-02 01:27:45 INFO  DisruptorHandler:38 - Disruptor started
2016-01-02 01:27:47 INFO  DisruptorHandler:19 - Init Disruptor with 512 slot(s)
2016-01-02 01:27:47 INFO  DisruptorHandler:38 - Disruptor started
2016-01-02 01:27:47 INFO  DisruptorHandler:19 - Init Disruptor with 512 slot(s)
2016-01-02 01:27:47 INFO  DisruptorHandler:38 - Disruptor started
2016-01-02 01:27:48 INFO  DisruptorHandler:19 - Init Disruptor with 512 slot(s)
2016-01-02 01:27:48 INFO  DisruptorHandler:38 - Disruptor started
2016-01-02 01:27:48 INFO  DisruptorHandler:19 - Init Disruptor with 512 slot(s)
2016-01-02 01:27:48 INFO  DisruptorHandler:38 - Disruptor started
2016-01-02 01:27:48 INFO  DisruptorHandler:19 - Init Disruptor with 512 slot(s)
2016-01-02 01:27:48 INFO  DisruptorHandler:38 - Disruptor started
2016-01-02 01:27:48 INFO  DisruptorHandler:19 - Init Disruptor with 512 slot(s)
2016-01-02 01:27:48 INFO  DisruptorHandler:38 - Disruptor started
2016-01-02 01:27:48 INFO  DisruptorHandler:19 - Init Disruptor with 512 slot(s)
2016-01-02 01:27:48 INFO  DisruptorHandler:38 - Disruptor started
2016-01-02 01:28:27 INFO  DisruptorHandler:19 - Init Disruptor with 512 slot(s)
2016-01-02 01:28:27 INFO  DisruptorHandler:38 - Disruptor started
2016-01-02 01:29:56 INFO  DisruptorHandler:19 - Init Disruptor with 512 slot(s)
2016-01-02 01:29:56 INFO  DisruptorHandler:38 - Disruptor started
2016-01-02 01:29:58 INFO  DisruptorHandler:19 - Init Disruptor with 512 slot(s)
2016-01-02 01:29:58 INFO  DisruptorHandler:38 - Disruptor started
2016-01-02 01:29:58 INFO  DisruptorHandler:19 - Init Disruptor with 512 slot(s)
2016-01-02 01:29:58 INFO  DisruptorHandler:38 - Disruptor started
2016-01-02 01:29:58 DEBUG TimerCommandService:241 - Get and remove but not found 2a82d8ef-aa40-4f29-957d-bc23f8ed4c0b
2016-01-02 01:29:59 INFO  DisruptorHandler:19 - Init Disruptor with 512 slot(s)
2016-01-02 01:29:59 INFO  DisruptorHandler:38 - Disruptor started
2016-01-02 01:29:59 INFO  DisruptorHandler:19 - Init Disruptor with 512 slot(s)
2016-01-02 01:29:59 INFO  DisruptorHandler:38 - Disruptor started
2016-01-02 01:29:59 INFO  DisruptorHandler:19 - Init Disruptor with 512 slot(s)
2016-01-02 01:29:59 INFO  DisruptorHandler:38 - Disruptor started
2016-01-02 01:29:59 INFO  DisruptorHandler:19 - Init Disruptor with 512 slot(s)
2016-01-02 01:29:59 INFO  DisruptorHandler:38 - Disruptor started
2016-01-02 01:29:59 INFO  DisruptorHandler:19 - Init Disruptor with 512 slot(s)
2016-01-02 01:29:59 INFO  DisruptorHandler:38 - Disruptor started
2016-01-02 01:30:23 INFO  DisruptorHandler:19 - Init Disruptor with 512 slot(s)
2016-01-02 01:30:23 INFO  DisruptorHandler:38 - Disruptor started
2016-01-02 01:30:25 INFO  DisruptorHandler:19 - Init Disruptor with 512 slot(s)
2016-01-02 01:30:25 INFO  DisruptorHandler:38 - Disruptor started
2016-01-02 01:30:25 INFO  DisruptorHandler:19 - Init Disruptor with 512 slot(s)
2016-01-02 01:30:25 INFO  DisruptorHandler:38 - Disruptor started
2016-01-02 01:30:26 DEBUG TimerCommandService:241 - Get and remove but not found f78ef079-f1af-4b95-8fcb-027430269394
2016-01-02 01:30:26 INFO  DisruptorHandler:19 - Init Disruptor with 512 slot(s)
2016-01-02 01:30:26 INFO  DisruptorHandler:38 - Disruptor started
2016-01-02 01:30:26 INFO  DisruptorHandler:19 - Init Disruptor with 512 slot(s)
2016-01-02 01:30:26 INFO  DisruptorHandler:38 - Disruptor started
2016-01-02 01:30:26 INFO  DisruptorHandler:19 - Init Disruptor with 512 slot(s)
2016-01-02 01:30:26 INFO  DisruptorHandler:38 - Disruptor started
2016-01-02 01:30:26 INFO  DisruptorHandler:19 - Init Disruptor with 512 slot(s)
2016-01-02 01:30:26 INFO  DisruptorHandler:38 - Disruptor started
2016-01-02 01:30:26 INFO  DisruptorHandler:19 - Init Disruptor with 512 slot(s)
2016-01-02 01:30:26 INFO  DisruptorHandler:38 - Disruptor started
2016-01-02 01:30:27 INFO  DisruptorHandler:19 - Init Disruptor with 512 slot(s)
2016-01-02 01:30:27 INFO  DisruptorHandler:38 - Disruptor started
2016-01-02 01:30:29 INFO  DisruptorHandler:19 - Init Disruptor with 512 slot(s)
2016-01-02 01:30:29 INFO  DisruptorHandler:38 - Disruptor started
2016-01-02 01:36:03 INFO  DisruptorHandler:19 - Init Disruptor with 512 slot(s)
2016-01-02 01:36:03 INFO  DisruptorHandler:38 - Disruptor started
2016-01-02 01:36:05 INFO  DisruptorHandler:19 - Init Disruptor with 512 slot(s)
2016-01-02 01:36:05 INFO  DisruptorHandler:38 - Disruptor started
2016-01-02 01:36:05 INFO  DisruptorHandler:19 - Init Disruptor with 512 slot(s)
2016-01-02 01:36:05 INFO  DisruptorHandler:38 - Disruptor started
2016-01-02 01:36:06 INFO  DisruptorHandler:19 - Init Disruptor with 512 slot(s)
2016-01-02 01:36:06 INFO  DisruptorHandler:38 - Disruptor started
2016-01-02 01:36:06 INFO  DisruptorHandler:19 - Init Disruptor with 512 slot(s)
2016-01-02 01:36:06 INFO  DisruptorHandler:38 - Disruptor started
2016-01-02 01:36:06 INFO  DisruptorHandler:19 - Init Disruptor with 512 slot(s)
2016-01-02 01:36:06 INFO  DisruptorHandler:38 - Disruptor started
2016-01-02 01:36:07 INFO  DisruptorHandler:19 - Init Disruptor with 512 slot(s)
2016-01-02 01:36:07 INFO  DisruptorHandler:38 - Disruptor started
2016-01-02 01:36:07 INFO  DisruptorHandler:19 - Init Disruptor with 512 slot(s)
2016-01-02 01:36:07 INFO  DisruptorHandler:38 - Disruptor started
2016-01-02 01:36:07 INFO  DisruptorHandler:19 - Init Disruptor with 512 slot(s)
2016-01-02 01:36:07 INFO  DisruptorHandler:38 - Disruptor started
2016-01-02 01:36:08 INFO  DisruptorHandler:19 - Init Disruptor with 512 slot(s)
2016-01-02 01:36:08 INFO  DisruptorHandler:38 - Disruptor started
2016-01-02 01:37:56 INFO  DisruptorHandler:19 - Init Disruptor with 512 slot(s)
2016-01-02 01:37:56 INFO  DisruptorHandler:38 - Disruptor started
2016-01-02 01:37:57 INFO  DisruptorHandler:19 - Init Disruptor with 512 slot(s)
2016-01-02 01:37:57 INFO  DisruptorHandler:38 - Disruptor started
2016-01-02 01:37:58 INFO  DisruptorHandler:19 - Init Disruptor with 512 slot(s)
2016-01-02 01:37:58 INFO  DisruptorHandler:38 - Disruptor started
2016-01-02 01:37:58 INFO  DisruptorHandler:19 - Init Disruptor with 512 slot(s)
2016-01-02 01:37:58 INFO  DisruptorHandler:38 - Disruptor started
2016-01-02 01:37:59 INFO  DisruptorHandler:19 - Init Disruptor with 512 slot(s)
2016-01-02 01:37:59 INFO  DisruptorHandler:38 - Disruptor started
2016-01-02 01:37:59 INFO  DisruptorHandler:19 - Init Disruptor with 512 slot(s)
2016-01-02 01:37:59 INFO  DisruptorHandler:38 - Disruptor started
2016-01-02 01:37:59 INFO  DisruptorHandler:19 - Init Disruptor with 512 slot(s)
2016-01-02 01:37:59 INFO  DisruptorHandler:38 - Disruptor started
2016-01-02 01:37:59 INFO  DisruptorHandler:19 - Init Disruptor with 512 slot(s)
2016-01-02 01:37:59 INFO  DisruptorHandler:38 - Disruptor started
2016-01-02 01:37:59 INFO  DisruptorHandler:19 - Init Disruptor with 512 slot(s)
2016-01-02 01:37:59 INFO  DisruptorHandler:38 - Disruptor started
2016-01-02 01:38:00 INFO  DisruptorHandler:19 - Init Disruptor with 512 slot(s)
2016-01-02 01:38:00 INFO  DisruptorHandler:38 - Disruptor started
2016-01-02 01:38:29 INFO  DisruptorHandler:19 - Init Disruptor with 512 slot(s)
2016-01-02 01:38:29 INFO  DisruptorHandler:38 - Disruptor started
2016-01-02 01:38:31 INFO  DisruptorHandler:19 - Init Disruptor with 512 slot(s)
2016-01-02 01:38:31 INFO  DisruptorHandler:38 - Disruptor started
2016-01-02 01:38:31 INFO  DisruptorHandler:19 - Init Disruptor with 512 slot(s)
2016-01-02 01:38:31 INFO  DisruptorHandler:38 - Disruptor started
2016-01-02 01:38:33 INFO  DisruptorHandler:19 - Init Disruptor with 512 slot(s)
2016-01-02 01:38:33 INFO  DisruptorHandler:38 - Disruptor started
2016-01-02 01:38:33 INFO  DisruptorHandler:19 - Init Disruptor with 512 slot(s)
2016-01-02 01:38:33 INFO  DisruptorHandler:38 - Disruptor started
2016-01-02 01:38:33 INFO  DisruptorHandler:19 - Init Disruptor with 512 slot(s)
2016-01-02 01:38:33 INFO  DisruptorHandler:38 - Disruptor started
2016-01-02 01:38:33 INFO  DisruptorHandler:19 - Init Disruptor with 512 slot(s)
2016-01-02 01:38:33 INFO  DisruptorHandler:38 - Disruptor started
2016-01-02 01:38:33 INFO  DisruptorHandler:19 - Init Disruptor with 512 slot(s)
2016-01-02 01:38:33 INFO  DisruptorHandler:38 - Disruptor started
2016-01-02 01:38:33 INFO  DisruptorHandler:19 - Init Disruptor with 512 slot(s)
2016-01-02 01:38:33 INFO  DisruptorHandler:38 - Disruptor started
2016-01-02 01:38:35 INFO  DisruptorHandler:19 - Init Disruptor with 512 slot(s)
2016-01-02 01:38:35 INFO  DisruptorHandler:38 - Disruptor started
2016-01-02 01:38:45 INFO  DisruptorHandler:19 - Init Disruptor with 512 slot(s)
2016-01-02 01:38:45 INFO  DisruptorHandler:38 - Disruptor started
2016-01-02 01:38:46 INFO  DisruptorHandler:19 - Init Disruptor with 512 slot(s)
2016-01-02 01:38:46 INFO  DisruptorHandler:38 - Disruptor started
2016-01-02 01:38:47 INFO  DisruptorHandler:19 - Init Disruptor with 512 slot(s)
2016-01-02 01:38:47 INFO  DisruptorHandler:38 - Disruptor started
2016-01-02 01:38:47 INFO  DisruptorHandler:19 - Init Disruptor with 512 slot(s)
2016-01-02 01:38:47 INFO  DisruptorHandler:38 - Disruptor started
2016-01-02 01:38:49 INFO  DisruptorHandler:19 - Init Disruptor with 512 slot(s)
2016-01-02 01:38:49 INFO  DisruptorHandler:38 - Disruptor started
2016-01-02 01:38:49 INFO  DisruptorHandler:19 - Init Disruptor with 512 slot(s)
2016-01-02 01:38:49 INFO  DisruptorHandler:38 - Disruptor started
2016-01-02 01:38:49 INFO  DisruptorHandler:19 - Init Disruptor with 512 slot(s)
2016-01-02 01:38:49 INFO  DisruptorHandler:38 - Disruptor started
2016-01-02 01:38:49 INFO  DisruptorHandler:19 - Init Disruptor with 512 slot(s)
2016-01-02 01:38:49 INFO  DisruptorHandler:38 - Disruptor started
2016-01-02 01:39:12 INFO  DisruptorHandler:19 - Init Disruptor with 512 slot(s)
2016-01-02 01:39:12 INFO  DisruptorHandler:38 - Disruptor started
2016-01-02 01:39:13 INFO  DisruptorHandler:19 - Init Disruptor with 512 slot(s)
2016-01-02 01:39:13 INFO  DisruptorHandler:38 - Disruptor started
2016-01-02 01:39:14 INFO  DisruptorHandler:19 - Init Disruptor with 512 slot(s)
2016-01-02 01:39:14 INFO  DisruptorHandler:38 - Disruptor started
2016-01-02 01:39:15 INFO  DisruptorHandler:19 - Init Disruptor with 512 slot(s)
2016-01-02 01:39:15 INFO  DisruptorHandler:38 - Disruptor started
2016-01-02 01:39:15 INFO  DisruptorHandler:19 - Init Disruptor with 512 slot(s)
2016-01-02 01:39:15 INFO  DisruptorHandler:38 - Disruptor started
2016-01-02 01:39:15 INFO  DisruptorHandler:19 - Init Disruptor with 512 slot(s)
2016-01-02 01:39:15 INFO  DisruptorHandler:38 - Disruptor started
2016-01-02 01:39:15 INFO  DisruptorHandler:19 - Init Disruptor with 512 slot(s)
2016-01-02 01:39:15 INFO  DisruptorHandler:38 - Disruptor started
2016-01-02 01:39:15 INFO  DisruptorHandler:19 - Init Disruptor with 512 slot(s)
2016-01-02 01:39:15 INFO  DisruptorHandler:38 - Disruptor started
2016-01-02 01:39:31 INFO  DisruptorHandler:19 - Init Disruptor with 512 slot(s)
2016-01-02 01:39:31 INFO  DisruptorHandler:38 - Disruptor started
2016-01-02 01:50:23 INFO  DisruptorHandler:19 - Init Disruptor with 512 slot(s)
2016-01-02 01:50:24 INFO  DisruptorHandler:38 - Disruptor started
2016-01-02 01:50:24 INFO  DisruptorHandler:19 - Init Disruptor with 512 slot(s)
2016-01-02 01:50:24 INFO  DisruptorHandler:38 - Disruptor started
2016-01-02 01:50:26 INFO  DisruptorHandler:19 - Init Disruptor with 512 slot(s)
2016-01-02 01:50:26 INFO  DisruptorHandler:38 - Disruptor started
2016-01-02 01:50:27 INFO  DisruptorHandler:19 - Init Disruptor with 512 slot(s)
2016-01-02 01:50:27 INFO  DisruptorHandler:38 - Disruptor started
2016-01-02 01:50:28 INFO  DisruptorHandler:19 - Init Disruptor with 512 slot(s)
2016-01-02 01:50:28 INFO  DisruptorHandler:38 - Disruptor started
2016-01-02 01:50:28 INFO  DisruptorHandler:19 - Init Disruptor with 512 slot(s)
2016-01-02 01:50:28 INFO  DisruptorHandler:38 - Disruptor started
2016-01-02 01:50:28 INFO  DisruptorHandler:19 - Init Disruptor with 512 slot(s)
2016-01-02 01:50:28 INFO  DisruptorHandler:38 - Disruptor started
2016-01-02 01:50:28 INFO  DisruptorHandler:19 - Init Disruptor with 512 slot(s)
2016-01-02 01:50:28 INFO  DisruptorHandler:38 - Disruptor started
2016-01-02 01:50:43 INFO  DisruptorHandler:19 - Init Disruptor with 512 slot(s)
2016-01-02 01:50:43 INFO  DisruptorHandler:38 - Disruptor started
2016-01-02 01:50:43 INFO  DisruptorHandler:19 - Init Disruptor with 512 slot(s)
2016-01-02 01:50:43 INFO  DisruptorHandler:38 - Disruptor started
2016-01-02 01:50:44 INFO  DisruptorHandler:19 - Init Disruptor with 512 slot(s)
2016-01-02 01:50:44 INFO  DisruptorHandler:38 - Disruptor started
2016-01-02 01:50:44 INFO  DisruptorHandler:19 - Init Disruptor with 512 slot(s)
2016-01-02 01:50:44 INFO  DisruptorHandler:38 - Disruptor started
2016-01-02 01:50:44 INFO  DisruptorHandler:19 - Init Disruptor with 512 slot(s)
2016-01-02 01:50:44 INFO  DisruptorHandler:38 - Disruptor started
2016-01-02 01:50:46 INFO  DisruptorHandler:19 - Init Disruptor with 512 slot(s)
2016-01-02 01:50:46 INFO  DisruptorHandler:38 - Disruptor started
2016-01-02 01:50:46 INFO  DisruptorHandler:19 - Init Disruptor with 512 slot(s)
2016-01-02 01:50:46 INFO  DisruptorHandler:38 - Disruptor started
2016-01-02 01:50:47 INFO  DisruptorHandler:19 - Init Disruptor with 512 slot(s)
2016-01-02 01:50:47 INFO  DisruptorHandler:38 - Disruptor started
2016-01-02 01:50:47 INFO  DisruptorHandler:19 - Init Disruptor with 512 slot(s)
2016-01-02 01:50:47 INFO  DisruptorHandler:38 - Disruptor started
2016-01-02 01:50:49 INFO  DisruptorHandler:19 - Init Disruptor with 512 slot(s)
2016-01-02 01:50:49 INFO  DisruptorHandler:38 - Disruptor started
2016-01-02 01:51:11 INFO  DisruptorHandler:19 - Init Disruptor with 512 slot(s)
2016-01-02 01:51:11 INFO  DisruptorHandler:38 - Disruptor started
2016-01-02 01:51:12 INFO  DisruptorHandler:19 - Init Disruptor with 512 slot(s)
2016-01-02 01:51:12 INFO  DisruptorHandler:38 - Disruptor started
2016-01-02 01:51:14 INFO  DisruptorHandler:19 - Init Disruptor with 512 slot(s)
2016-01-02 01:51:14 INFO  DisruptorHandler:38 - Disruptor started
2016-01-02 01:51:14 INFO  DisruptorHandler:19 - Init Disruptor with 512 slot(s)
2016-01-02 01:51:14 INFO  DisruptorHandler:38 - Disruptor started
2016-01-02 01:51:16 INFO  DisruptorHandler:19 - Init Disruptor with 512 slot(s)
2016-01-02 01:51:16 INFO  DisruptorHandler:38 - Disruptor started
2016-01-02 01:51:16 INFO  DisruptorHandler:19 - Init Disruptor with 512 slot(s)
2016-01-02 01:51:16 INFO  DisruptorHandler:38 - Disruptor started
2016-01-02 01:51:16 INFO  DisruptorHandler:19 - Init Disruptor with 512 slot(s)
2016-01-02 01:51:16 INFO  DisruptorHandler:38 - Disruptor started
2016-01-02 01:51:16 INFO  DisruptorHandler:19 - Init Disruptor with 512 slot(s)
2016-01-02 01:51:16 INFO  DisruptorHandler:38 - Disruptor started
2016-01-02 01:51:16 INFO  DisruptorHandler:19 - Init Disruptor with 512 slot(s)
2016-01-02 01:51:16 INFO  DisruptorHandler:38 - Disruptor started
2016-01-02 01:51:18 INFO  DisruptorHandler:19 - Init Disruptor with 512 slot(s)
2016-01-02 01:51:18 INFO  DisruptorHandler:38 - Disruptor started
2016-01-02 02:11:39 INFO  TCPServer:56 - Start server at port:10001
2016-01-02 02:12:00 INFO  DisruptorHandler:19 - Init Disruptor with 512 slot(s)
2016-01-02 02:12:01 INFO  DisruptorHandler:38 - Disruptor started
2016-01-02 02:12:01 INFO  DisruptorHandler:19 - Init Disruptor with 512 slot(s)
2016-01-02 02:12:01 INFO  DisruptorHandler:38 - Disruptor started
2016-01-02 02:12:01 INFO  DisruptorHandler:19 - Init Disruptor with 512 slot(s)
2016-01-02 02:12:01 INFO  DisruptorHandler:38 - Disruptor started
2016-01-02 02:12:01 INFO  DisruptorHandler:19 - Init Disruptor with 512 slot(s)
2016-01-02 02:12:01 INFO  DisruptorHandler:38 - Disruptor started
2016-01-02 02:12:02 INFO  DisruptorHandler:19 - Init Disruptor with 512 slot(s)
2016-01-02 02:12:02 INFO  DisruptorHandler:38 - Disruptor started
2016-01-02 02:14:16 INFO  DisruptorHandler:19 - Init Disruptor with 512 slot(s)
2016-01-04 00:59:49 INFO  DisruptorHandler:19 - Init Disruptor with 512 slot(s)
2016-01-04 00:59:49 INFO  DisruptorHandler:38 - Disruptor started
2016-01-04 00:59:51 INFO  DisruptorHandler:19 - Init Disruptor with 512 slot(s)
2016-01-04 00:59:51 INFO  DisruptorHandler:38 - Disruptor started
2016-01-04 00:59:51 INFO  DisruptorHandler:19 - Init Disruptor with 512 slot(s)
2016-01-04 00:59:51 INFO  DisruptorHandler:38 - Disruptor started
2016-01-04 00:59:52 INFO  DisruptorHandler:19 - Init Disruptor with 512 slot(s)
2016-01-04 00:59:52 INFO  DisruptorHandler:38 - Disruptor started
2016-01-04 00:59:52 INFO  DisruptorHandler:19 - Init Disruptor with 512 slot(s)
2016-01-04 00:59:52 INFO  DisruptorHandler:38 - Disruptor started
2016-01-04 00:59:52 INFO  DisruptorHandler:19 - Init Disruptor with 512 slot(s)
2016-01-04 00:59:52 INFO  DisruptorHandler:38 - Disruptor started
2016-01-04 00:59:52 INFO  DisruptorHandler:19 - Init Disruptor with 512 slot(s)
2016-01-04 00:59:52 INFO  DisruptorHandler:38 - Disruptor started
2016-01-04 00:59:52 INFO  DisruptorHandler:19 - Init Disruptor with 512 slot(s)
2016-01-04 00:59:52 INFO  DisruptorHandler:38 - Disruptor started
2016-01-04 00:59:52 INFO  DisruptorHandler:19 - Init Disruptor with 512 slot(s)
2016-01-04 00:59:52 INFO  DisruptorHandler:38 - Disruptor started
2016-01-04 00:59:54 INFO  DisruptorHandler:19 - Init Disruptor with 512 slot(s)
2016-01-04 00:59:55 INFO  DisruptorHandler:38 - Disruptor started
2016-01-04 01:00:24 INFO  DisruptorHandler:19 - Init Disruptor with 512 slot(s)
2016-01-04 01:00:24 INFO  DisruptorHandler:38 - Disruptor started
2016-01-04 01:00:24 INFO  TCPServer:57 - Start server at port:10001
2016-01-04 01:15:56 INFO  DisruptorHandler:19 - Init Disruptor with 512 slot(s)
2016-01-04 01:15:57 INFO  DisruptorHandler:38 - Disruptor started
2016-01-04 01:16:10 INFO  TCPServer:57 - Start server at port:10001
2016-01-04 01:24:49 INFO  DisruptorHandler:19 - Init Disruptor with 512 slot(s)
2016-01-04 01:24:49 INFO  DisruptorHandler:38 - Disruptor started
2016-01-04 01:24:52 INFO  DisruptorHandler:19 - Init Disruptor with 512 slot(s)
2016-01-04 01:24:52 INFO  DisruptorHandler:38 - Disruptor started
2016-01-04 01:24:54 INFO  DisruptorHandler:19 - Init Disruptor with 512 slot(s)
2016-01-04 01:24:54 INFO  DisruptorHandler:38 - Disruptor started
2016-01-04 01:24:55 INFO  DisruptorHandler:19 - Init Disruptor with 512 slot(s)
2016-01-04 01:24:55 INFO  DisruptorHandler:38 - Disruptor started
2016-01-04 01:24:57 INFO  DisruptorHandler:19 - Init Disruptor with 512 slot(s)
2016-01-04 01:24:57 INFO  DisruptorHandler:38 - Disruptor started
2016-01-04 01:24:57 INFO  DisruptorHandler:19 - Init Disruptor with 512 slot(s)
2016-01-04 01:24:58 INFO  DisruptorHandler:38 - Disruptor started
2016-01-04 01:24:58 INFO  DisruptorHandler:19 - Init Disruptor with 512 slot(s)
2016-01-04 01:24:58 INFO  DisruptorHandler:38 - Disruptor started
2016-01-04 01:24:58 INFO  DisruptorHandler:19 - Init Disruptor with 512 slot(s)
2016-01-04 01:24:58 INFO  DisruptorHandler:38 - Disruptor started
2016-01-04 01:24:58 INFO  DisruptorHandler:19 - Init Disruptor with 512 slot(s)
2016-01-04 01:24:58 INFO  DisruptorHandler:38 - Disruptor started
2016-01-04 01:25:00 INFO  DisruptorHandler:19 - Init Disruptor with 512 slot(s)
2016-01-04 01:25:00 INFO  DisruptorHandler:38 - Disruptor started
2016-01-04 01:25:48 INFO  DisruptorHandler:19 - Init Disruptor with 512 slot(s)
2016-01-04 01:25:49 INFO  DisruptorHandler:38 - Disruptor started
2016-01-04 01:25:49 INFO  TCPServer:57 - Start server at port:10001
2016-01-04 01:25:54 DEBUG ClientHandler:45 - Received: {"COMMAND":"STATE_STATUS"}
2016-01-04 01:26:02 DEBUG ClientHandler:45 - Received: {"DATA":"ON","COMMAND":"STATE_SET","FROM":"WEB_UI","TO":"esp7_2@demo2"}
2016-01-04 01:26:02 DEBUG ClientHandler:45 - Received: {"COMMAND":"STATE_STATUS"}
2016-01-04 01:26:07 DEBUG ClientHandler:45 - Received: {"COMMAND":"STATE_STATUS"}
2016-01-04 01:26:25 DEBUG ClientHandler:45 - Received: {"COMMAND":"STATE_STATUS"}
2016-01-04 01:26:25 DEBUG ClientHandler:45 - Received: {"COMMAND":"TIMER_LIST"}
2016-01-04 01:26:30 DEBUG ClientHandler:45 - Received: {"COMMAND":"TIMER_LIST"}
2016-01-04 01:26:32 DEBUG ClientHandler:45 - Received: {"COMMAND":"TIMER_LIST"}
2016-01-04 01:26:34 DEBUG ClientHandler:45 - Received: {"COMMAND":"TIMER_LIST"}
2016-01-04 01:26:36 DEBUG ClientHandler:45 - Received: {"COMMAND":"TIMER_LIST"}
2016-01-04 01:26:38 DEBUG ClientHandler:45 - Received: {"COMMAND":"TIMER_LIST"}
2016-01-04 01:26:40 DEBUG ClientHandler:45 - Received: {"COMMAND":"TIMER_LIST"}
2016-01-04 01:26:42 DEBUG ClientHandler:45 - Received: {"COMMAND":"TIMER_LIST"}
2016-01-04 01:26:43 DEBUG ClientHandler:45 - Received: {"COMMAND":"TIMER_LIST"}
2016-01-04 01:26:48 DEBUG ClientHandler:45 - Received: {"COMMAND":"TIMER_LIST"}
2016-01-04 01:26:50 DEBUG ClientHandler:45 - Received: {"COMMAND":"TIMER_LIST"}
2016-01-04 01:26:51 DEBUG ClientHandler:45 - Received: {"COMMAND":"TIMER_LIST"}
2016-01-04 01:26:57 DEBUG ClientHandler:45 - Received: {"COMMAND":"STATE_STATUS"}
2016-01-04 01:28:09 DEBUG ClientHandler:45 - Received: {"DATA":"ON","COMMAND":"STATE_SET","FROM":"WEB_UI","TO":"esp7_4@demo"}
2016-01-04 01:28:09 DEBUG ClientHandler:45 - Received: {"COMMAND":"STATE_STATUS"}
2016-01-04 01:28:12 DEBUG ClientHandler:45 - Received: {"DATA":"ON","COMMAND":"STATE_SET","FROM":"WEB_UI","TO":"esp7_3@demo1"}
2016-01-04 01:28:12 DEBUG ClientHandler:45 - Received: {"COMMAND":"STATE_STATUS"}
2016-01-04 01:28:42 INFO  DisruptorHandler:19 - Init Disruptor with 512 slot(s)
2016-01-04 01:28:42 INFO  DisruptorHandler:38 - Disruptor started
2016-01-04 01:28:42 INFO  TCPServer:57 - Start server at port:10001
2016-01-04 01:28:48 DEBUG ClientHandler:45 - Received: {"COMMAND":"STATE_STATUS"}
2016-01-04 01:28:52 DEBUG ClientHandler:45 - Received: {"COMMAND":"STATE_STATUS"}
2016-01-04 01:28:52 DEBUG ClientHandler:45 - Received: {"COMMAND":"TIMER_LIST"}
2016-01-04 01:28:54 DEBUG ClientHandler:45 - Received: {"COMMAND":"STATE_STATUS"}
2016-01-04 01:29:02 DEBUG ClientHandler:45 - Received: {"COMMAND":"STATE_STATUS"}
2016-01-04 01:29:02 DEBUG ClientHandler:45 - Received: {"COMMAND":"TIMER_LIST"}
2016-01-04 01:29:12 DEBUG ClientHandler:45 - Received: {"COMMAND":"TIMER_LIST"}
2016-01-04 01:29:25 DEBUG ClientHandler:45 - Received: {"TIMER_ID":"f17cc5c4-7b1b-4b7a-a670-156c898fc030","REPEATLY":"REPEAT_MINUTELY","STATE":"ON","COMMAND":"TIMER_EDIT","TIME_FIRE":"2016-Jan-08 23-55-47 +0700"}
2016-01-04 01:29:25 DEBUG ClientHandler:45 - Received: {"COMMAND":"STATE_STATUS"}
2016-01-04 01:29:25 DEBUG ClientHandler:45 - Received: {"COMMAND":"TIMER_LIST"}
2016-01-04 01:29:42 DEBUG ClientHandler:45 - Received: {"COMMAND":"TIMER_LIST"}
2016-01-04 01:30:25 DEBUG ClientHandler:45 - Received: {"COMMAND":"STATE_STATUS"}
2016-01-04 01:30:30 DEBUG ClientHandler:45 - Received: {"DATA":"OFF","COMMAND":"STATE_SET","FROM":"WEB_UI","TO":"to"}
2016-01-04 01:30:30 DEBUG ClientHandler:45 - Received: {"COMMAND":"STATE_STATUS"}
2016-01-04 01:31:54 DEBUG ClientHandler:45 - Received: {"COMMAND":"STATE_STATUS"}
2016-01-04 01:32:01 DEBUG ClientHandler:45 - Received: {"COMMAND":"STATE_STATUS"}
2016-01-04 01:32:01 DEBUG ClientHandler:45 - Received: {"COMMAND":"TIMER_LIST"}
2016-01-04 01:35:15 DEBUG ClientHandler:45 - Received: {"COMMAND":"STATE_STATUS"}
2016-01-04 01:35:20 DEBUG ClientHandler:45 - Received: {"COMMAND":"STATE_STATUS"}
2016-01-04 01:35:31 DEBUG ClientHandler:45 - Received: {"COMMAND":"STATE_STATUS"}
2016-01-04 01:35:31 DEBUG ClientHandler:45 - Received: {"COMMAND":"TIMER_LIST"}
